2021-09-30 01:18:10,394 - train - INFO - VideoModel(
  (model): Net(
    (blocks): ModuleList(
      (0): ResNetBasicStem(
        (conv): Conv3d(3, 64, kernel_size=(1, 7, 7), stride=(1, 2, 2), padding=[0, 3, 3], bias=False)
        (norm): BatchNorm3d(64, eps=1e-05, momentum=0.1, affine=True, track_running_stats=True)
        (activation): ReLU()
        (pool): MaxPool3d(kernel_size=(1, 3, 3), stride=(1, 2, 2), padding=[0, 1, 1], dilation=1, ceil_mode=False)
      )
      (1): ResStage(
        (res_blocks): ModuleList(
          (0): ResBlock(
            (branch1_conv): Conv3d(64, 256, kernel_size=(1, 1, 1), stride=(1, 1, 1), bias=False)
            (branch1_norm): BatchNorm3d(256, eps=1e-05, momentum=0.1, affine=True, track_running_stats=True)
            (branch2): BottleneckBlock(
              (conv_a): Conv3d(64, 64, kernel_size=(1, 1, 1), stride=(1, 1, 1), padding=[0, 0, 0], bias=False)
              (norm_a): BatchNorm3d(64, eps=1e-05, momentum=0.1, affine=True, track_running_stats=True)
              (act_a): ReLU()
              (conv_b): Conv3d(64, 64, kernel_size=(1, 3, 3), stride=(1, 1, 1), padding=[0, 1, 1], bias=False)
              (norm_b): BatchNorm3d(64, eps=1e-05, momentum=0.1, affine=True, track_running_stats=True)
              (act_b): ReLU()
              (conv_c): Conv3d(64, 256, kernel_size=(1, 1, 1), stride=(1, 1, 1), bias=False)
              (norm_c): BatchNorm3d(256, eps=1e-05, momentum=0.1, affine=True, track_running_stats=True)
            )
            (activation): ReLU()
          )
          (1): ResBlock(
            (branch2): BottleneckBlock(
              (conv_a): Conv3d(256, 64, kernel_size=(1, 1, 1), stride=(1, 1, 1), padding=[0, 0, 0], bias=False)
              (norm_a): BatchNorm3d(64, eps=1e-05, momentum=0.1, affine=True, track_running_stats=True)
              (act_a): ReLU()
              (conv_b): Conv3d(64, 64, kernel_size=(1, 3, 3), stride=(1, 1, 1), padding=[0, 1, 1], bias=False)
              (norm_b): BatchNorm3d(64, eps=1e-05, momentum=0.1, affine=True, track_running_stats=True)
              (act_b): ReLU()
              (conv_c): Conv3d(64, 256, kernel_size=(1, 1, 1), stride=(1, 1, 1), bias=False)
              (norm_c): BatchNorm3d(256, eps=1e-05, momentum=0.1, affine=True, track_running_stats=True)
            )
            (activation): ReLU()
          )
          (2): ResBlock(
            (branch2): BottleneckBlock(
              (conv_a): Conv3d(256, 64, kernel_size=(1, 1, 1), stride=(1, 1, 1), padding=[0, 0, 0], bias=False)
              (norm_a): BatchNorm3d(64, eps=1e-05, momentum=0.1, affine=True, track_running_stats=True)
              (act_a): ReLU()
              (conv_b): Conv3d(64, 64, kernel_size=(1, 3, 3), stride=(1, 1, 1), padding=[0, 1, 1], bias=False)
              (norm_b): BatchNorm3d(64, eps=1e-05, momentum=0.1, affine=True, track_running_stats=True)
              (act_b): ReLU()
              (conv_c): Conv3d(64, 256, kernel_size=(1, 1, 1), stride=(1, 1, 1), bias=False)
              (norm_c): BatchNorm3d(256, eps=1e-05, momentum=0.1, affine=True, track_running_stats=True)
            )
            (activation): ReLU()
          )
        )
      )
      (2): ResStage(
        (res_blocks): ModuleList(
          (0): ResBlock(
            (branch1_conv): Conv3d(256, 512, kernel_size=(1, 1, 1), stride=(1, 2, 2), bias=False)
            (branch1_norm): BatchNorm3d(512, eps=1e-05, momentum=0.1, affine=True, track_running_stats=True)
            (branch2): BottleneckBlock(
              (conv_a): Conv3d(256, 128, kernel_size=(1, 1, 1), stride=(1, 1, 1), padding=[0, 0, 0], bias=False)
              (norm_a): BatchNorm3d(128, eps=1e-05, momentum=0.1, affine=True, track_running_stats=True)
              (act_a): ReLU()
              (conv_b): Conv3d(128, 128, kernel_size=(1, 3, 3), stride=(1, 2, 2), padding=[0, 1, 1], bias=False)
              (norm_b): BatchNorm3d(128, eps=1e-05, momentum=0.1, affine=True, track_running_stats=True)
              (act_b): ReLU()
              (conv_c): Conv3d(128, 512, kernel_size=(1, 1, 1), stride=(1, 1, 1), bias=False)
              (norm_c): BatchNorm3d(512, eps=1e-05, momentum=0.1, affine=True, track_running_stats=True)
            )
            (activation): ReLU()
          )
          (1): ResBlock(
            (branch2): BottleneckBlock(
              (conv_a): Conv3d(512, 128, kernel_size=(1, 1, 1), stride=(1, 1, 1), padding=[0, 0, 0], bias=False)
              (norm_a): BatchNorm3d(128, eps=1e-05, momentum=0.1, affine=True, track_running_stats=True)
              (act_a): ReLU()
              (conv_b): Conv3d(128, 128, kernel_size=(1, 3, 3), stride=(1, 1, 1), padding=[0, 1, 1], bias=False)
              (norm_b): BatchNorm3d(128, eps=1e-05, momentum=0.1, affine=True, track_running_stats=True)
              (act_b): ReLU()
              (conv_c): Conv3d(128, 512, kernel_size=(1, 1, 1), stride=(1, 1, 1), bias=False)
              (norm_c): BatchNorm3d(512, eps=1e-05, momentum=0.1, affine=True, track_running_stats=True)
            )
            (activation): ReLU()
          )
          (2): ResBlock(
            (branch2): BottleneckBlock(
              (conv_a): Conv3d(512, 128, kernel_size=(1, 1, 1), stride=(1, 1, 1), padding=[0, 0, 0], bias=False)
              (norm_a): BatchNorm3d(128, eps=1e-05, momentum=0.1, affine=True, track_running_stats=True)
              (act_a): ReLU()
              (conv_b): Conv3d(128, 128, kernel_size=(1, 3, 3), stride=(1, 1, 1), padding=[0, 1, 1], bias=False)
              (norm_b): BatchNorm3d(128, eps=1e-05, momentum=0.1, affine=True, track_running_stats=True)
              (act_b): ReLU()
              (conv_c): Conv3d(128, 512, kernel_size=(1, 1, 1), stride=(1, 1, 1), bias=False)
              (norm_c): BatchNorm3d(512, eps=1e-05, momentum=0.1, affine=True, track_running_stats=True)
            )
            (activation): ReLU()
          )
          (3): ResBlock(
            (branch2): BottleneckBlock(
              (conv_a): Conv3d(512, 128, kernel_size=(1, 1, 1), stride=(1, 1, 1), padding=[0, 0, 0], bias=False)
              (norm_a): BatchNorm3d(128, eps=1e-05, momentum=0.1, affine=True, track_running_stats=True)
              (act_a): ReLU()
              (conv_b): Conv3d(128, 128, kernel_size=(1, 3, 3), stride=(1, 1, 1), padding=[0, 1, 1], bias=False)
              (norm_b): BatchNorm3d(128, eps=1e-05, momentum=0.1, affine=True, track_running_stats=True)
              (act_b): ReLU()
              (conv_c): Conv3d(128, 512, kernel_size=(1, 1, 1), stride=(1, 1, 1), bias=False)
              (norm_c): BatchNorm3d(512, eps=1e-05, momentum=0.1, affine=True, track_running_stats=True)
            )
            (activation): ReLU()
          )
        )
      )
      (3): ResStage(
        (res_blocks): ModuleList(
          (0): ResBlock(
            (branch1_conv): Conv3d(512, 1024, kernel_size=(1, 1, 1), stride=(1, 2, 2), bias=False)
            (branch1_norm): BatchNorm3d(1024, eps=1e-05, momentum=0.1, affine=True, track_running_stats=True)
            (branch2): BottleneckBlock(
              (conv_a): Conv3d(512, 256, kernel_size=(3, 1, 1), stride=(1, 1, 1), padding=[1, 0, 0], bias=False)
              (norm_a): BatchNorm3d(256, eps=1e-05, momentum=0.1, affine=True, track_running_stats=True)
              (act_a): ReLU()
              (conv_b): Conv3d(256, 256, kernel_size=(1, 3, 3), stride=(1, 2, 2), padding=[0, 1, 1], bias=False)
              (norm_b): BatchNorm3d(256, eps=1e-05, momentum=0.1, affine=True, track_running_stats=True)
              (act_b): ReLU()
              (conv_c): Conv3d(256, 1024, kernel_size=(1, 1, 1), stride=(1, 1, 1), bias=False)
              (norm_c): BatchNorm3d(1024, eps=1e-05, momentum=0.1, affine=True, track_running_stats=True)
            )
            (activation): ReLU()
          )
          (1): ResBlock(
            (branch2): BottleneckBlock(
              (conv_a): Conv3d(1024, 256, kernel_size=(3, 1, 1), stride=(1, 1, 1), padding=[1, 0, 0], bias=False)
              (norm_a): BatchNorm3d(256, eps=1e-05, momentum=0.1, affine=True, track_running_stats=True)
              (act_a): ReLU()
              (conv_b): Conv3d(256, 256, kernel_size=(1, 3, 3), stride=(1, 1, 1), padding=[0, 1, 1], bias=False)
              (norm_b): BatchNorm3d(256, eps=1e-05, momentum=0.1, affine=True, track_running_stats=True)
              (act_b): ReLU()
              (conv_c): Conv3d(256, 1024, kernel_size=(1, 1, 1), stride=(1, 1, 1), bias=False)
              (norm_c): BatchNorm3d(1024, eps=1e-05, momentum=0.1, affine=True, track_running_stats=True)
            )
            (activation): ReLU()
          )
          (2): ResBlock(
            (branch2): BottleneckBlock(
              (conv_a): Conv3d(1024, 256, kernel_size=(3, 1, 1), stride=(1, 1, 1), padding=[1, 0, 0], bias=False)
              (norm_a): BatchNorm3d(256, eps=1e-05, momentum=0.1, affine=True, track_running_stats=True)
              (act_a): ReLU()
              (conv_b): Conv3d(256, 256, kernel_size=(1, 3, 3), stride=(1, 1, 1), padding=[0, 1, 1], bias=False)
              (norm_b): BatchNorm3d(256, eps=1e-05, momentum=0.1, affine=True, track_running_stats=True)
              (act_b): ReLU()
              (conv_c): Conv3d(256, 1024, kernel_size=(1, 1, 1), stride=(1, 1, 1), bias=False)
              (norm_c): BatchNorm3d(1024, eps=1e-05, momentum=0.1, affine=True, track_running_stats=True)
            )
            (activation): ReLU()
          )
          (3): ResBlock(
            (branch2): BottleneckBlock(
              (conv_a): Conv3d(1024, 256, kernel_size=(3, 1, 1), stride=(1, 1, 1), padding=[1, 0, 0], bias=False)
              (norm_a): BatchNorm3d(256, eps=1e-05, momentum=0.1, affine=True, track_running_stats=True)
              (act_a): ReLU()
              (conv_b): Conv3d(256, 256, kernel_size=(1, 3, 3), stride=(1, 1, 1), padding=[0, 1, 1], bias=False)
              (norm_b): BatchNorm3d(256, eps=1e-05, momentum=0.1, affine=True, track_running_stats=True)
              (act_b): ReLU()
              (conv_c): Conv3d(256, 1024, kernel_size=(1, 1, 1), stride=(1, 1, 1), bias=False)
              (norm_c): BatchNorm3d(1024, eps=1e-05, momentum=0.1, affine=True, track_running_stats=True)
            )
            (activation): ReLU()
          )
          (4): ResBlock(
            (branch2): BottleneckBlock(
              (conv_a): Conv3d(1024, 256, kernel_size=(3, 1, 1), stride=(1, 1, 1), padding=[1, 0, 0], bias=False)
              (norm_a): BatchNorm3d(256, eps=1e-05, momentum=0.1, affine=True, track_running_stats=True)
              (act_a): ReLU()
              (conv_b): Conv3d(256, 256, kernel_size=(1, 3, 3), stride=(1, 1, 1), padding=[0, 1, 1], bias=False)
              (norm_b): BatchNorm3d(256, eps=1e-05, momentum=0.1, affine=True, track_running_stats=True)
              (act_b): ReLU()
              (conv_c): Conv3d(256, 1024, kernel_size=(1, 1, 1), stride=(1, 1, 1), bias=False)
              (norm_c): BatchNorm3d(1024, eps=1e-05, momentum=0.1, affine=True, track_running_stats=True)
            )
            (activation): ReLU()
          )
          (5): ResBlock(
            (branch2): BottleneckBlock(
              (conv_a): Conv3d(1024, 256, kernel_size=(3, 1, 1), stride=(1, 1, 1), padding=[1, 0, 0], bias=False)
              (norm_a): BatchNorm3d(256, eps=1e-05, momentum=0.1, affine=True, track_running_stats=True)
              (act_a): ReLU()
              (conv_b): Conv3d(256, 256, kernel_size=(1, 3, 3), stride=(1, 1, 1), padding=[0, 1, 1], bias=False)
              (norm_b): BatchNorm3d(256, eps=1e-05, momentum=0.1, affine=True, track_running_stats=True)
              (act_b): ReLU()
              (conv_c): Conv3d(256, 1024, kernel_size=(1, 1, 1), stride=(1, 1, 1), bias=False)
              (norm_c): BatchNorm3d(1024, eps=1e-05, momentum=0.1, affine=True, track_running_stats=True)
            )
            (activation): ReLU()
          )
        )
      )
      (4): ResStage(
        (res_blocks): ModuleList(
          (0): ResBlock(
            (branch1_conv): Conv3d(1024, 2048, kernel_size=(1, 1, 1), stride=(1, 2, 2), bias=False)
            (branch1_norm): BatchNorm3d(2048, eps=1e-05, momentum=0.1, affine=True, track_running_stats=True)
            (branch2): BottleneckBlock(
              (conv_a): Conv3d(1024, 512, kernel_size=(3, 1, 1), stride=(1, 1, 1), padding=[1, 0, 0], bias=False)
              (norm_a): BatchNorm3d(512, eps=1e-05, momentum=0.1, affine=True, track_running_stats=True)
              (act_a): ReLU()
              (conv_b): Conv3d(512, 512, kernel_size=(1, 3, 3), stride=(1, 2, 2), padding=[0, 1, 1], bias=False)
              (norm_b): BatchNorm3d(512, eps=1e-05, momentum=0.1, affine=True, track_running_stats=True)
              (act_b): ReLU()
              (conv_c): Conv3d(512, 2048, kernel_size=(1, 1, 1), stride=(1, 1, 1), bias=False)
              (norm_c): BatchNorm3d(2048, eps=1e-05, momentum=0.1, affine=True, track_running_stats=True)
            )
            (activation): ReLU()
          )
          (1): ResBlock(
            (branch2): BottleneckBlock(
              (conv_a): Conv3d(2048, 512, kernel_size=(3, 1, 1), stride=(1, 1, 1), padding=[1, 0, 0], bias=False)
              (norm_a): BatchNorm3d(512, eps=1e-05, momentum=0.1, affine=True, track_running_stats=True)
              (act_a): ReLU()
              (conv_b): Conv3d(512, 512, kernel_size=(1, 3, 3), stride=(1, 1, 1), padding=[0, 1, 1], bias=False)
              (norm_b): BatchNorm3d(512, eps=1e-05, momentum=0.1, affine=True, track_running_stats=True)
              (act_b): ReLU()
              (conv_c): Conv3d(512, 2048, kernel_size=(1, 1, 1), stride=(1, 1, 1), bias=False)
              (norm_c): BatchNorm3d(2048, eps=1e-05, momentum=0.1, affine=True, track_running_stats=True)
            )
            (activation): ReLU()
          )
          (2): ResBlock(
            (branch2): BottleneckBlock(
              (conv_a): Conv3d(2048, 512, kernel_size=(3, 1, 1), stride=(1, 1, 1), padding=[1, 0, 0], bias=False)
              (norm_a): BatchNorm3d(512, eps=1e-05, momentum=0.1, affine=True, track_running_stats=True)
              (act_a): ReLU()
              (conv_b): Conv3d(512, 512, kernel_size=(1, 3, 3), stride=(1, 1, 1), padding=[0, 1, 1], bias=False)
              (norm_b): BatchNorm3d(512, eps=1e-05, momentum=0.1, affine=True, track_running_stats=True)
              (act_b): ReLU()
              (conv_c): Conv3d(512, 2048, kernel_size=(1, 1, 1), stride=(1, 1, 1), bias=False)
              (norm_c): BatchNorm3d(2048, eps=1e-05, momentum=0.1, affine=True, track_running_stats=True)
            )
            (activation): ReLU()
          )
        )
      )
      (5): ResNetBasicHead(
        (pool): AvgPool3d(kernel_size=(8, 7, 7), stride=(1, 1, 1), padding=(0, 0, 0))
        (dropout): Dropout(p=0.5, inplace=False)
        (proj): Linear(in_features=2048, out_features=400, bias=True)
        (output_pool): AdaptiveAvgPool3d(output_size=1)
      )
    )
  )
  (classifier_layer): Sequential(
    (0): Linear(in_features=400, out_features=256, bias=True)
    (1): ReLU(inplace=True)
    (2): Dropout(p=0.5, inplace=False)
    (3): Linear(in_features=256, out_features=7, bias=True)
  )
)
Trainable parameters: 4337047
2021-09-30 01:35:11,073 - trainer - INFO -     epoch          : 1
2021-09-30 01:35:11,074 - trainer - INFO -     loss           : 1.81681736719977
2021-09-30 01:35:11,075 - trainer - INFO -     accuracy       : 0.27527099757428747
2021-09-30 01:35:11,075 - trainer - INFO -     top_k_acc      : 0.47488060946027894
2021-09-30 01:35:11,076 - trainer - INFO -     val_loss       : 1.652552030524429
2021-09-30 01:35:11,076 - trainer - INFO -     val_accuracy   : 0.3607568027210884
2021-09-30 01:35:11,077 - trainer - INFO -     val_top_k_acc  : 0.585671768707483
2021-09-30 01:35:11,078 - trainer - INFO -     conf mat       : tensor([[230.,  15.,  31.,  32.,  18.,   0.,  33.],
        [ 24.,  21.,  28.,   5.,  17.,   0.,   2.],
        [ 52.,   8., 115.,  32.,  19.,   0.,   8.],
        [ 34.,   2.,  58.,  65.,  14.,   0.,  17.],
        [ 83.,  11.,  53.,  24.,  51.,   0.,  20.],
        [ 63.,   4.,  17.,   7.,  19.,   0.,  10.],
        [148.,  12.,  31.,  19.,  19.,   0.,  77.]])
2021-09-30 01:35:11,079 - trainer - INFO -     class prec     : tensor([0.3628, 0.2877, 0.3453, 0.3533, 0.3248, 0.0000, 0.4611])
2021-09-30 01:35:11,081 - trainer - INFO -     class rec      : tensor([0.6407, 0.2165, 0.4915, 0.3421, 0.2107, 0.0000, 0.2516])
2021-09-30 01:35:11,081 - trainer - INFO -     f1             : tensor([0.4632, 0.2471, 0.4056, 0.3476, 0.2556, 0.0000, 0.3256])
2021-09-30 01:35:11,082 - trainer - INFO -     avg prec       : 0.3049960136413574
2021-09-30 01:35:11,083 - trainer - INFO -     avg rec        : 0.3075856566429138
2021-09-30 01:35:11,083 - trainer - INFO -     avg f1         : 0.2921084761619568
2021-09-30 01:35:12,997 - trainer - INFO - Saving checkpoint: results/slow_r50/0930_011807/models/checkpoint-epoch1.pth ...
2021-09-30 01:35:14,907 - trainer - INFO - Saving current best: model_best.pth ...
2021-09-30 01:52:03,041 - trainer - INFO -     epoch          : 2
2021-09-30 01:52:03,042 - trainer - INFO -     loss           : 1.7035779780948286
2021-09-30 01:52:03,043 - trainer - INFO -     accuracy       : 0.32045936931473623
2021-09-30 01:52:03,044 - trainer - INFO -     top_k_acc      : 0.5363762128562766
2021-09-30 01:52:03,045 - trainer - INFO -     val_loss       : 1.6068743905242608
2021-09-30 01:52:03,045 - trainer - INFO -     val_accuracy   : 0.380952380952381
2021-09-30 01:52:03,046 - trainer - INFO -     val_top_k_acc  : 0.5939625850340137
2021-09-30 01:52:03,047 - trainer - INFO -     conf mat       : tensor([[223.,   7.,  31.,  17.,  30.,   0.,  51.],
        [ 17.,  18.,  23.,   3.,  25.,   0.,  11.],
        [ 44.,  10., 128.,  20.,  22.,   0.,  10.],
        [ 27.,   1.,  61.,  62.,  17.,   0.,  22.],
        [ 66.,   8.,  56.,  19.,  67.,   0.,  26.],
        [ 51.,   5.,  12.,   6.,  26.,   0.,  20.],
        [125.,  13.,  34.,  10.,  28.,   0.,  96.]])
2021-09-30 01:52:03,048 - trainer - INFO -     class prec     : tensor([0.4033, 0.2903, 0.3710, 0.4526, 0.3116, 0.0000, 0.4068])
2021-09-30 01:52:03,049 - trainer - INFO -     class rec      : tensor([0.6212, 0.1856, 0.5470, 0.3263, 0.2769, 0.0000, 0.3137])
2021-09-30 01:52:03,050 - trainer - INFO -     f1             : tensor([0.4890, 0.2264, 0.4421, 0.3792, 0.2932, 0.0000, 0.3542])
2021-09-30 01:52:03,051 - trainer - INFO -     avg prec       : 0.31936487555503845
2021-09-30 01:52:03,051 - trainer - INFO -     avg rec        : 0.32437804341316223
2021-09-30 01:52:03,052 - trainer - INFO -     avg f1         : 0.3120366930961609
2021-09-30 01:52:04,963 - trainer - INFO - Saving checkpoint: results/slow_r50/0930_011807/models/checkpoint-epoch2.pth ...
2021-09-30 01:52:06,903 - trainer - INFO - Saving current best: model_best.pth ...
2021-09-30 02:08:57,184 - trainer - INFO -     epoch          : 3
2021-09-30 02:08:57,185 - trainer - INFO -     loss           : 1.654323589555996
2021-09-30 02:08:57,186 - trainer - INFO -     accuracy       : 0.34569246513038204
2021-09-30 02:08:57,187 - trainer - INFO -     top_k_acc      : 0.5593731049120679
2021-09-30 02:08:57,188 - trainer - INFO -     val_loss       : 1.5945074290645367
2021-09-30 02:08:57,188 - trainer - INFO -     val_accuracy   : 0.3864795918367347
2021-09-30 02:08:57,189 - trainer - INFO -     val_top_k_acc  : 0.6022534013605443
2021-09-30 02:08:57,190 - trainer - INFO -     conf mat       : tensor([[204.,  19.,  33.,   9.,  26.,   0.,  68.],
        [ 10.,  33.,  25.,   2.,  20.,   0.,   7.],
        [ 43.,  15., 134.,   6.,  18.,   1.,  17.],
        [ 34.,   4.,  65.,  47.,   8.,   0.,  32.],
        [ 63.,  16.,  50.,   8.,  65.,   0.,  40.],
        [ 44.,  10.,  16.,   2.,  16.,   0.,  32.],
        [106.,  19.,  37.,   5.,  25.,   1., 113.]])
2021-09-30 02:08:57,191 - trainer - INFO -     class prec     : tensor([0.4048, 0.2845, 0.3722, 0.5949, 0.3652, 0.0000, 0.3657])
2021-09-30 02:08:57,192 - trainer - INFO -     class rec      : tensor([0.5682, 0.3402, 0.5726, 0.2474, 0.2686, 0.0000, 0.3693])
2021-09-30 02:08:57,192 - trainer - INFO -     f1             : tensor([0.4728, 0.3099, 0.4512, 0.3494, 0.3095, 0.0000, 0.3675])
2021-09-30 02:08:57,193 - trainer - INFO -     avg prec       : 0.3410382568836212
2021-09-30 02:08:57,193 - trainer - INFO -     avg rec        : 0.33804935216903687
2021-09-30 02:08:57,194 - trainer - INFO -     avg f1         : 0.3228932321071625
2021-09-30 02:08:59,113 - trainer - INFO - Saving checkpoint: results/slow_r50/0930_011807/models/checkpoint-epoch3.pth ...
2021-09-30 02:09:01,062 - trainer - INFO - Saving current best: model_best.pth ...
2021-09-30 02:25:52,400 - trainer - INFO -     epoch          : 4
2021-09-30 02:25:52,401 - trainer - INFO -     loss           : 1.6144570493206536
2021-09-30 02:25:52,402 - trainer - INFO -     accuracy       : 0.3722142207398423
2021-09-30 02:25:52,403 - trainer - INFO -     top_k_acc      : 0.5799537598544573
2021-09-30 02:25:52,404 - trainer - INFO -     val_loss       : 1.5426673499905332
2021-09-30 02:25:52,405 - trainer - INFO -     val_accuracy   : 0.40263605442176875
2021-09-30 02:25:52,405 - trainer - INFO -     val_top_k_acc  : 0.6215986394557823
2021-09-30 02:25:52,407 - trainer - INFO -     conf mat       : tensor([[209.,  13.,  34.,   9.,  33.,   1.,  60.],
        [ 14.,  21.,  29.,   2.,  22.,   0.,   9.],
        [ 40.,   9., 122.,  13.,  31.,   1.,  18.],
        [ 27.,   2.,  59.,  53.,  18.,   1.,  30.],
        [ 56.,  12.,  24.,   7., 111.,   1.,  31.],
        [ 46.,   5.,  19.,   2.,  18.,   0.,  30.],
        [114.,   9.,  30.,   7.,  38.,   1., 107.]])
2021-09-30 02:25:52,408 - trainer - INFO -     class prec     : tensor([0.4130, 0.2958, 0.3849, 0.5699, 0.4096, 0.0000, 0.3754])
2021-09-30 02:25:52,409 - trainer - INFO -     class rec      : tensor([0.5822, 0.2165, 0.5214, 0.2789, 0.4587, 0.0000, 0.3497])
2021-09-30 02:25:52,410 - trainer - INFO -     f1             : tensor([0.4832, 0.2500, 0.4428, 0.3746, 0.4327, 0.0000, 0.3621])
2021-09-30 02:25:52,411 - trainer - INFO -     avg prec       : 0.349800169467926
2021-09-30 02:25:52,412 - trainer - INFO -     avg rec        : 0.3439047634601593
2021-09-30 02:25:52,412 - trainer - INFO -     avg f1         : 0.33506760001182556
2021-09-30 02:25:54,331 - trainer - INFO - Saving checkpoint: results/slow_r50/0930_011807/models/checkpoint-epoch4.pth ...
2021-09-30 02:25:56,275 - trainer - INFO - Saving current best: model_best.pth ...
2021-09-30 02:42:47,802 - trainer - INFO -     epoch          : 5
2021-09-30 02:42:47,803 - trainer - INFO -     loss           : 1.5856247728632897
2021-09-30 02:42:47,805 - trainer - INFO -     accuracy       : 0.3810074287446938
2021-09-30 02:42:47,806 - trainer - INFO -     top_k_acc      : 0.59327622801698
2021-09-30 02:42:47,806 - trainer - INFO -     val_loss       : 1.5336615479722315
2021-09-30 02:42:47,807 - trainer - INFO -     val_accuracy   : 0.3990221088435374
2021-09-30 02:42:47,808 - trainer - INFO -     val_top_k_acc  : 0.6145833333333333
2021-09-30 02:42:47,809 - trainer - INFO -     conf mat       : tensor([[199.,  19.,  27.,  19.,  34.,   3.,  58.],
        [ 10.,  24.,  21.,   2.,  34.,   0.,   6.],
        [ 31.,  10., 119.,  26.,  30.,   1.,  17.],
        [ 26.,   2.,  47.,  67.,  20.,   1.,  27.],
        [ 51.,  12.,  25.,  13., 102.,   1.,  38.],
        [ 44.,   9.,  11.,   7.,  21.,   3.,  25.],
        [112.,  17.,  24.,  14.,  31.,   3., 105.]])
2021-09-30 02:42:47,810 - trainer - INFO -     class prec     : tensor([0.4207, 0.2581, 0.4343, 0.4527, 0.3750, 0.2500, 0.3804])
2021-09-30 02:42:47,811 - trainer - INFO -     class rec      : tensor([0.5543, 0.2474, 0.5085, 0.3526, 0.4215, 0.0250, 0.3431])
2021-09-30 02:42:47,812 - trainer - INFO -     f1             : tensor([0.4784, 0.2526, 0.4685, 0.3964, 0.3969, 0.0455, 0.3608])
2021-09-30 02:42:47,812 - trainer - INFO -     avg prec       : 0.36731818318367004
2021-09-30 02:42:47,813 - trainer - INFO -     avg rec        : 0.3503634035587311
2021-09-30 02:42:47,814 - trainer - INFO -     avg f1         : 0.3427310287952423
2021-09-30 02:42:49,730 - trainer - INFO - Saving checkpoint: results/slow_r50/0930_011807/models/checkpoint-epoch5.pth ...
2021-09-30 02:42:51,694 - trainer - INFO - Saving current best: model_best.pth ...
2021-09-30 02:59:39,250 - trainer - INFO -     epoch          : 6
2021-09-30 02:59:39,251 - trainer - INFO -     loss           : 1.5587867836362308
2021-09-30 02:59:39,252 - trainer - INFO -     accuracy       : 0.39691669193450574
2021-09-30 02:59:39,253 - trainer - INFO -     top_k_acc      : 0.6121228775015161
2021-09-30 02:59:39,253 - trainer - INFO -     val_loss       : 1.517930502794227
2021-09-30 02:59:39,254 - trainer - INFO -     val_accuracy   : 0.4028486394557823
2021-09-30 02:59:39,254 - trainer - INFO -     val_top_k_acc  : 0.6320153061224489
2021-09-30 02:59:39,256 - trainer - INFO -     conf mat       : tensor([[212.,  16.,  41.,   7.,  26.,   1.,  56.],
        [ 16.,  22.,  28.,   2.,  22.,   0.,   7.],
        [ 33.,  12., 149.,  11.,  11.,   1.,  17.],
        [ 29.,   2.,  64.,  53.,  13.,   1.,  28.],
        [ 61.,  13.,  48.,   2.,  86.,   1.,  31.],
        [ 49.,   8.,  17.,   2.,  15.,   5.,  24.],
        [115.,  15.,  45.,   5.,  23.,   5.,  98.]])
2021-09-30 02:59:39,256 - trainer - INFO -     class prec     : tensor([0.4117, 0.2500, 0.3801, 0.6463, 0.4388, 0.3571, 0.3755])
2021-09-30 02:59:39,257 - trainer - INFO -     class rec      : tensor([0.5905, 0.2268, 0.6368, 0.2789, 0.3554, 0.0417, 0.3203])
2021-09-30 02:59:39,258 - trainer - INFO -     f1             : tensor([0.4851, 0.2378, 0.4760, 0.3897, 0.3927, 0.0746, 0.3457])
2021-09-30 02:59:39,258 - trainer - INFO -     avg prec       : 0.40849876403808594
2021-09-30 02:59:39,258 - trainer - INFO -     avg rec        : 0.35004758834838867
2021-09-30 02:59:39,259 - trainer - INFO -     avg f1         : 0.3431011140346527
2021-09-30 02:59:41,172 - trainer - INFO - Saving checkpoint: results/slow_r50/0930_011807/models/checkpoint-epoch6.pth ...
2021-09-30 02:59:43,194 - trainer - INFO - Saving current best: model_best.pth ...
2021-09-30 03:16:33,798 - trainer - INFO -     epoch          : 7
2021-09-30 03:16:33,799 - trainer - INFO -     loss           : 1.5392112836395342
2021-09-30 03:16:33,801 - trainer - INFO -     accuracy       : 0.40869466343238325
2021-09-30 03:16:33,801 - trainer - INFO -     top_k_acc      : 0.6233607489387508
2021-09-30 03:16:33,801 - trainer - INFO -     val_loss       : 1.512251068134697
2021-09-30 03:16:33,802 - trainer - INFO -     val_accuracy   : 0.41815476190476186
2021-09-30 03:16:33,803 - trainer - INFO -     val_top_k_acc  : 0.6198979591836735
2021-09-30 03:16:33,804 - trainer - INFO -     conf mat       : tensor([[197.,  16.,  24.,  32.,  36.,   5.,  49.],
        [ 17.,  20.,  15.,   8.,  29.,   0.,   8.],
        [ 32.,   7., 126.,  36.,  22.,   1.,  10.],
        [ 24.,   1.,  42.,  92.,  15.,   2.,  14.],
        [ 47.,   8.,  24.,  16., 114.,   3.,  30.],
        [ 37.,   7.,  11.,  13.,  18.,   6.,  28.],
        [ 98.,  16.,  29.,  36.,  25.,   8.,  94.]])
2021-09-30 03:16:33,805 - trainer - INFO -     class prec     : tensor([0.4358, 0.2667, 0.4649, 0.3948, 0.4402, 0.2400, 0.4034])
2021-09-30 03:16:33,805 - trainer - INFO -     class rec      : tensor([0.5487, 0.2062, 0.5385, 0.4842, 0.4711, 0.0500, 0.3072])
2021-09-30 03:16:33,806 - trainer - INFO -     f1             : tensor([0.4858, 0.2326, 0.4990, 0.4350, 0.4551, 0.0828, 0.3488])
2021-09-30 03:16:33,807 - trainer - INFO -     avg prec       : 0.37798425555229187
2021-09-30 03:16:33,807 - trainer - INFO -     avg rec        : 0.37226682901382446
2021-09-30 03:16:33,808 - trainer - INFO -     avg f1         : 0.362716943025589
2021-09-30 03:16:35,721 - trainer - INFO - Saving checkpoint: results/slow_r50/0930_011807/models/checkpoint-epoch7.pth ...
2021-09-30 03:16:37,664 - trainer - INFO - Saving current best: model_best.pth ...
2021-09-30 03:33:27,322 - trainer - INFO -     epoch          : 8
2021-09-30 03:33:27,323 - trainer - INFO -     loss           : 1.5068086533202338
2021-09-30 03:33:27,324 - trainer - INFO -     accuracy       : 0.4210222104305639
2021-09-30 03:33:27,325 - trainer - INFO -     top_k_acc      : 0.6368158732565191
2021-09-30 03:33:27,326 - trainer - INFO -     val_loss       : 1.489950951264829
2021-09-30 03:33:27,326 - trainer - INFO -     val_accuracy   : 0.4264455782312925
2021-09-30 03:33:27,327 - trainer - INFO -     val_top_k_acc  : 0.6337159863945578
2021-09-30 03:33:27,328 - trainer - INFO -     conf mat       : tensor([[219.,  23.,  24.,  13.,  28.,   7.,  45.],
        [ 12.,  37.,  21.,   4.,  17.,   0.,   6.],
        [ 32.,  18., 135.,  19.,  14.,   1.,  15.],
        [ 33.,   5.,  48.,  66.,  12.,   2.,  24.],
        [ 53.,  21.,  29.,   1., 107.,   3.,  28.],
        [ 45.,  12.,  12.,   3.,  17.,  11.,  20.],
        [115.,  22.,  37.,   8.,  27.,  10.,  87.]])
2021-09-30 03:33:27,329 - trainer - INFO -     class prec     : tensor([0.4303, 0.2681, 0.4412, 0.5789, 0.4820, 0.3235, 0.3867])
2021-09-30 03:33:27,330 - trainer - INFO -     class rec      : tensor([0.6100, 0.3814, 0.5769, 0.3474, 0.4421, 0.0917, 0.2843])
2021-09-30 03:33:27,331 - trainer - INFO -     f1             : tensor([0.5046, 0.3149, 0.5000, 0.4342, 0.4612, 0.1429, 0.3277])
2021-09-30 03:33:27,332 - trainer - INFO -     avg prec       : 0.4158104360103607
2021-09-30 03:33:27,332 - trainer - INFO -     avg rec        : 0.3905559480190277
2021-09-30 03:33:27,333 - trainer - INFO -     avg f1         : 0.3836371600627899
2021-09-30 03:33:29,296 - trainer - INFO - Saving checkpoint: results/slow_r50/0930_011807/models/checkpoint-epoch8.pth ...
2021-09-30 03:33:31,235 - trainer - INFO - Saving current best: model_best.pth ...
2021-09-30 03:50:31,789 - trainer - INFO -     epoch          : 9
2021-09-30 03:50:31,790 - trainer - INFO -     loss           : 1.5033762024849961
2021-09-30 03:50:31,791 - trainer - INFO -     accuracy       : 0.41979040327471195
2021-09-30 03:50:31,792 - trainer - INFO -     top_k_acc      : 0.6327035324439054
2021-09-30 03:50:31,793 - trainer - INFO -     val_loss       : 1.5300521619465886
2021-09-30 03:50:31,793 - trainer - INFO -     val_accuracy   : 0.4077380952380953
2021-09-30 03:50:31,794 - trainer - INFO -     val_top_k_acc  : 0.6301020408163265
2021-09-30 03:50:31,796 - trainer - INFO -     conf mat       : tensor([[203.,  15.,  53.,  22.,  18.,   4.,  44.],
        [ 17.,  22.,  38.,   3.,   9.,   0.,   8.],
        [ 29.,   7., 169.,  12.,   4.,   1.,  12.],
        [ 30.,   1.,  67.,  72.,   4.,   1.,  15.],
        [ 58.,  11.,  69.,   9.,  68.,   2.,  25.],
        [ 46.,   6.,  24.,   4.,  10.,   8.,  22.],
        [114.,  14.,  56.,  18.,  12.,   8.,  84.]])
2021-09-30 03:50:31,797 - trainer - INFO -     class prec     : tensor([0.4085, 0.2895, 0.3550, 0.5143, 0.5440, 0.3333, 0.4000])
2021-09-30 03:50:31,798 - trainer - INFO -     class rec      : tensor([0.5655, 0.2268, 0.7222, 0.3789, 0.2810, 0.0667, 0.2745])
2021-09-30 03:50:31,799 - trainer - INFO -     f1             : tensor([0.4743, 0.2543, 0.4761, 0.4364, 0.3706, 0.1111, 0.3256])
2021-09-30 03:50:31,799 - trainer - INFO -     avg prec       : 0.4063693881034851
2021-09-30 03:50:31,800 - trainer - INFO -     avg rec        : 0.3593716621398926
2021-09-30 03:50:31,801 - trainer - INFO -     avg f1         : 0.3497598469257355
2021-09-30 03:50:33,715 - trainer - INFO - Saving checkpoint: results/slow_r50/0930_011807/models/checkpoint-epoch9.pth ...
2021-09-30 04:07:23,389 - trainer - INFO -     epoch          : 10
2021-09-30 04:07:23,390 - trainer - INFO -     loss           : 1.4766900693018412
2021-09-30 04:07:23,390 - trainer - INFO -     accuracy       : 0.43609763493026077
2021-09-30 04:07:23,391 - trainer - INFO -     top_k_acc      : 0.6465566252274105
2021-09-30 04:07:23,392 - trainer - INFO -     val_loss       : 1.4722514639095383
2021-09-30 04:07:23,393 - trainer - INFO -     val_accuracy   : 0.4258078231292517
2021-09-30 04:07:23,393 - trainer - INFO -     val_top_k_acc  : 0.6456207482993197
2021-09-30 04:07:23,394 - trainer - INFO -     conf mat       : tensor([[184.,  19.,  30.,  18.,  28.,   5.,  75.],
        [  8.,  34.,  26.,   4.,  17.,   0.,   8.],
        [ 24.,  13., 141.,  17.,  14.,   2.,  23.],
        [ 21.,   2.,  48.,  79.,  11.,   2.,  27.],
        [ 45.,  14.,  33.,  16., 100.,   1.,  33.],
        [ 36.,   7.,  14.,   5.,  17.,  12.,  29.],
        [ 89.,  19.,  37.,  19.,  28.,   8., 106.]])
2021-09-30 04:07:23,395 - trainer - INFO -     class prec     : tensor([0.4521, 0.3148, 0.4286, 0.5000, 0.4651, 0.4000, 0.3522])
2021-09-30 04:07:23,396 - trainer - INFO -     class rec      : tensor([0.5125, 0.3505, 0.6026, 0.4158, 0.4132, 0.1000, 0.3464])
2021-09-30 04:07:23,397 - trainer - INFO -     f1             : tensor([0.4804, 0.3317, 0.5009, 0.4540, 0.4376, 0.1600, 0.3493])
2021-09-30 04:07:23,397 - trainer - INFO -     avg prec       : 0.4161072373390198
2021-09-30 04:07:23,397 - trainer - INFO -     avg rec        : 0.39157602190971375
2021-09-30 04:07:23,398 - trainer - INFO -     avg f1         : 0.3877045512199402
2021-09-30 04:07:25,340 - trainer - INFO - Saving checkpoint: results/slow_r50/0930_011807/models/checkpoint-epoch10.pth ...
2021-09-30 04:07:27,318 - trainer - INFO - Saving current best: model_best.pth ...
2021-09-30 04:24:17,550 - trainer - INFO -     epoch          : 11
2021-09-30 04:24:17,551 - trainer - INFO -     loss           : 1.4706598219183302
2021-09-30 04:24:17,552 - trainer - INFO -     accuracy       : 0.4420008338386901
2021-09-30 04:24:17,553 - trainer - INFO -     top_k_acc      : 0.6460165251667678
2021-09-30 04:24:17,553 - trainer - INFO -     val_loss       : 1.4936298448212293
2021-09-30 04:24:17,554 - trainer - INFO -     val_accuracy   : 0.43005952380952384
2021-09-30 04:24:17,555 - trainer - INFO -     val_top_k_acc  : 0.6409438775510204
2021-09-30 04:24:17,556 - trainer - INFO -     conf mat       : tensor([[190.,  17.,  44.,  19.,  17.,   5.,  67.],
        [ 19.,  24.,  24.,   3.,  16.,   0.,  11.],
        [ 23.,   8., 167.,  10.,   7.,   2.,  17.],
        [ 24.,   3.,  65.,  68.,   6.,   2.,  22.],
        [ 47.,  13.,  39.,  12.,  85.,   2.,  44.],
        [ 36.,   6.,  20.,   3.,  11.,   9.,  35.],
        [ 90.,  11.,  49.,  13.,  15.,   5., 123.]])
2021-09-30 04:24:17,557 - trainer - INFO -     class prec     : tensor([0.4429, 0.2927, 0.4093, 0.5312, 0.5414, 0.3600, 0.3856])
2021-09-30 04:24:17,557 - trainer - INFO -     class rec      : tensor([0.5292, 0.2474, 0.7137, 0.3579, 0.3512, 0.0750, 0.4020])
2021-09-30 04:24:17,558 - trainer - INFO -     f1             : tensor([0.4822, 0.2682, 0.5202, 0.4277, 0.4261, 0.1241, 0.3936])
2021-09-30 04:24:17,558 - trainer - INFO -     avg prec       : 0.42330265045166016
2021-09-30 04:24:17,559 - trainer - INFO -     avg rec        : 0.3823487460613251
2021-09-30 04:24:17,559 - trainer - INFO -     avg f1         : 0.3774450123310089
2021-09-30 04:24:19,472 - trainer - INFO - Saving checkpoint: results/slow_r50/0930_011807/models/checkpoint-epoch11.pth ...
2021-09-30 04:41:08,821 - trainer - INFO -     epoch          : 12
2021-09-30 04:41:08,822 - trainer - INFO -     loss           : 1.4502989895564993
2021-09-30 04:41:08,823 - trainer - INFO -     accuracy       : 0.4477998029108551
2021-09-30 04:41:08,823 - trainer - INFO -     top_k_acc      : 0.6489539114614917
2021-09-30 04:41:08,824 - trainer - INFO -     val_loss       : 1.4378791463618377
2021-09-30 04:41:08,825 - trainer - INFO -     val_accuracy   : 0.43941326530612246
2021-09-30 04:41:08,825 - trainer - INFO -     val_top_k_acc  : 0.6536989795918368
2021-09-30 04:41:08,826 - trainer - INFO -     conf mat       : tensor([[181.,  22.,  25.,  18.,  38.,   3.,  72.],
        [ 15.,  33.,  13.,   3.,  20.,   0.,  13.],
        [ 21.,  11., 141.,  13.,  24.,   1.,  23.],
        [ 29.,   3.,  44.,  72.,  18.,   2.,  22.],
        [ 39.,  21.,  19.,   7., 117.,   1.,  38.],
        [ 31.,   8.,  15.,   1.,  20.,  10.,  35.],
        [ 90.,  13.,  27.,  12.,  35.,   4., 125.]])
2021-09-30 04:41:08,827 - trainer - INFO -     class prec     : tensor([0.4458, 0.2973, 0.4965, 0.5714, 0.4301, 0.4762, 0.3811])
2021-09-30 04:41:08,828 - trainer - INFO -     class rec      : tensor([0.5042, 0.3402, 0.6026, 0.3789, 0.4835, 0.0833, 0.4085])
2021-09-30 04:41:08,829 - trainer - INFO -     f1             : tensor([0.4732, 0.3173, 0.5444, 0.4557, 0.4553, 0.1418, 0.3943])
2021-09-30 04:41:08,829 - trainer - INFO -     avg prec       : 0.442636102437973
2021-09-30 04:41:08,830 - trainer - INFO -     avg rec        : 0.4001710116863251
2021-09-30 04:41:08,830 - trainer - INFO -     avg f1         : 0.3974323868751526
2021-09-30 04:41:10,743 - trainer - INFO - Saving checkpoint: results/slow_r50/0930_011807/models/checkpoint-epoch12.pth ...
2021-09-30 04:41:12,723 - trainer - INFO - Saving current best: model_best.pth ...
2021-09-30 04:58:01,781 - trainer - INFO -     epoch          : 13
2021-09-30 04:58:01,782 - trainer - INFO -     loss           : 1.437044444772386
2021-09-30 04:58:01,784 - trainer - INFO -     accuracy       : 0.44594261673741664
2021-09-30 04:58:01,784 - trainer - INFO -     top_k_acc      : 0.6628259551243177
2021-09-30 04:58:01,785 - trainer - INFO -     val_loss       : 1.4454997473833513
2021-09-30 04:58:01,785 - trainer - INFO -     val_accuracy   : 0.43792517006802717
2021-09-30 04:58:01,786 - trainer - INFO -     val_top_k_acc  : 0.6571003401360543
2021-09-30 04:58:01,787 - trainer - INFO -     conf mat       : tensor([[197.,  17.,  35.,  17.,  26.,   6.,  61.],
        [ 12.,  32.,  22.,   2.,  20.,   0.,   9.],
        [ 24.,  11., 158.,   9.,  12.,   2.,  18.],
        [ 24.,   2.,  64.,  66.,   8.,   2.,  24.],
        [ 44.,  16.,  36.,   4.,  99.,   2.,  41.],
        [ 36.,   9.,  20.,   1.,  12.,  13.,  29.],
        [ 95.,   9.,  47.,  11.,  27.,  12., 105.]])
2021-09-30 04:58:01,788 - trainer - INFO -     class prec     : tensor([0.4560, 0.3333, 0.4136, 0.6000, 0.4853, 0.3514, 0.3659])
2021-09-30 04:58:01,789 - trainer - INFO -     class rec      : tensor([0.5487, 0.3299, 0.6752, 0.3474, 0.4091, 0.1083, 0.3431])
2021-09-30 04:58:01,790 - trainer - INFO -     f1             : tensor([0.4981, 0.3316, 0.5130, 0.4400, 0.4439, 0.1656, 0.3541])
2021-09-30 04:58:01,790 - trainer - INFO -     avg prec       : 0.42935195565223694
2021-09-30 04:58:01,791 - trainer - INFO -     avg rec        : 0.39454102516174316
2021-09-30 04:58:01,791 - trainer - INFO -     avg f1         : 0.39233994483947754
2021-09-30 04:58:03,709 - trainer - INFO - Saving checkpoint: results/slow_r50/0930_011807/models/checkpoint-epoch13.pth ...
2021-09-30 05:14:55,239 - trainer - INFO -     epoch          : 14
2021-09-30 05:14:55,240 - trainer - INFO -     loss           : 1.419897559377336
2021-09-30 05:14:55,241 - trainer - INFO -     accuracy       : 0.46863629472407525
2021-09-30 05:14:55,241 - trainer - INFO -     top_k_acc      : 0.6728130685263797
2021-09-30 05:14:55,242 - trainer - INFO -     val_loss       : 1.448269897577714
2021-09-30 05:14:55,242 - trainer - INFO -     val_accuracy   : 0.44153911564625853
2021-09-30 05:14:55,243 - trainer - INFO -     val_top_k_acc  : 0.6466836734693877
2021-09-30 05:14:55,244 - trainer - INFO -     conf mat       : tensor([[195.,  24.,  21.,  22.,  42.,   5.,  50.],
        [  9.,  36.,  19.,   4.,  22.,   0.,   7.],
        [ 20.,  19., 136.,  21.,  19.,   5.,  14.],
        [ 25.,   4.,  35.,  84.,  19.,   3.,  20.],
        [ 43.,  20.,  15.,  10., 125.,   3.,  26.],
        [ 37.,  10.,  12.,   6.,  24.,  11.,  20.],
        [ 85.,  22.,  29.,  12.,  45.,  11., 102.]])
2021-09-30 05:14:55,245 - trainer - INFO -     class prec     : tensor([0.4710, 0.2667, 0.5094, 0.5283, 0.4223, 0.2895, 0.4268])
2021-09-30 05:14:55,246 - trainer - INFO -     class rec      : tensor([0.5432, 0.3711, 0.5812, 0.4421, 0.5165, 0.0917, 0.3333])
2021-09-30 05:14:55,247 - trainer - INFO -     f1             : tensor([0.5045, 0.3103, 0.5429, 0.4814, 0.4647, 0.1392, 0.3743])
2021-09-30 05:14:55,247 - trainer - INFO -     avg prec       : 0.41627079248428345
2021-09-30 05:14:55,248 - trainer - INFO -     avg rec        : 0.4113057255744934
2021-09-30 05:14:55,249 - trainer - INFO -     avg f1         : 0.40248551964759827
2021-09-30 05:14:57,161 - trainer - INFO - Saving checkpoint: results/slow_r50/0930_011807/models/checkpoint-epoch14.pth ...
2021-09-30 05:31:49,181 - trainer - INFO -     epoch          : 15
2021-09-30 05:31:49,182 - trainer - INFO -     loss           : 1.4131233667589955
2021-09-30 05:31:49,183 - trainer - INFO -     accuracy       : 0.45952092177077014
2021-09-30 05:31:49,183 - trainer - INFO -     top_k_acc      : 0.6640009096422074
2021-09-30 05:31:49,184 - trainer - INFO -     val_loss       : 1.4611630318116169
2021-09-30 05:31:49,185 - trainer - INFO -     val_accuracy   : 0.44664115646258506
2021-09-30 05:31:49,186 - trainer - INFO -     val_top_k_acc  : 0.6415816326530612
2021-09-30 05:31:49,187 - trainer - INFO -     conf mat       : tensor([[207.,  19.,  30.,  15.,  25.,  14.,  49.],
        [ 17.,  30.,  15.,   3.,  23.,   1.,   8.],
        [ 24.,   7., 149.,  10.,  23.,   4.,  17.],
        [ 29.,   1.,  59.,  67.,  14.,   3.,  17.],
        [ 46.,  10.,  32.,   8., 120.,   7.,  19.],
        [ 32.,   8.,  16.,   1.,  19.,  22.,  22.],
        [ 95.,  11.,  38.,  10.,  37.,  18.,  97.]])
2021-09-30 05:31:49,188 - trainer - INFO -     class prec     : tensor([0.4600, 0.3488, 0.4395, 0.5877, 0.4598, 0.3188, 0.4236])
2021-09-30 05:31:49,189 - trainer - INFO -     class rec      : tensor([0.5766, 0.3093, 0.6368, 0.3526, 0.4959, 0.1833, 0.3170])
2021-09-30 05:31:49,190 - trainer - INFO -     f1             : tensor([0.5117, 0.3279, 0.5201, 0.4408, 0.4771, 0.2328, 0.3626])
2021-09-30 05:31:49,191 - trainer - INFO -     avg prec       : 0.4340394139289856
2021-09-30 05:31:49,192 - trainer - INFO -     avg rec        : 0.4102083146572113
2021-09-30 05:31:49,193 - trainer - INFO -     avg f1         : 0.41043275594711304
2021-09-30 05:31:51,105 - trainer - INFO - Saving checkpoint: results/slow_r50/0930_011807/models/checkpoint-epoch15.pth ...
2021-09-30 05:48:44,651 - trainer - INFO -     epoch          : 16
2021-09-30 05:48:44,652 - trainer - INFO -     loss           : 1.3943217046482046
2021-09-30 05:48:44,663 - trainer - INFO -     accuracy       : 0.4726065039417829
2021-09-30 05:48:44,664 - trainer - INFO -     top_k_acc      : 0.6765179654335961
2021-09-30 05:48:44,665 - trainer - INFO -     val_loss       : 1.4874408524863574
2021-09-30 05:48:44,666 - trainer - INFO -     val_accuracy   : 0.4474914965986394
2021-09-30 05:48:44,666 - trainer - INFO -     val_top_k_acc  : 0.6483843537414966
2021-09-30 05:48:44,668 - trainer - INFO -     conf mat       : tensor([[204.,  28.,  25.,  15.,  40.,  10.,  37.],
        [  7.,  42.,  16.,   1.,  28.,   0.,   3.],
        [ 25.,  16., 146.,   9.,  30.,   1.,   7.],
        [ 25.,   2.,  56.,  68.,  25.,   2.,  12.],
        [ 41.,  20.,  17.,   6., 138.,   3.,  17.],
        [ 36.,  11.,  16.,   2.,  27.,  15.,  13.],
        [ 95.,  21.,  32.,  11.,  57.,  13.,  77.]])
2021-09-30 05:48:44,668 - trainer - INFO -     class prec     : tensor([0.4711, 0.3000, 0.4740, 0.6071, 0.4000, 0.3409, 0.4639])
2021-09-30 05:48:44,669 - trainer - INFO -     class rec      : tensor([0.5682, 0.4330, 0.6239, 0.3579, 0.5702, 0.1250, 0.2516])
2021-09-30 05:48:44,670 - trainer - INFO -     f1             : tensor([0.5152, 0.3544, 0.5387, 0.4503, 0.4702, 0.1829, 0.3263])
2021-09-30 05:48:44,670 - trainer - INFO -     avg prec       : 0.4367235600948334
2021-09-30 05:48:44,670 - trainer - INFO -     avg rec        : 0.4185633063316345
2021-09-30 05:48:44,671 - trainer - INFO -     avg f1         : 0.40543487668037415
2021-09-30 05:48:46,584 - trainer - INFO - Saving checkpoint: results/slow_r50/0930_011807/models/checkpoint-epoch16.pth ...
2021-09-30 06:05:39,647 - trainer - INFO -     epoch          : 17
2021-09-30 06:05:39,647 - trainer - INFO -     loss           : 1.3858786323635848
2021-09-30 06:05:39,650 - trainer - INFO -     accuracy       : 0.4680961946634324
2021-09-30 06:05:39,650 - trainer - INFO -     top_k_acc      : 0.6764990145542754
2021-09-30 06:05:39,651 - trainer - INFO -     val_loss       : 1.4493780075287332
2021-09-30 06:05:39,651 - trainer - INFO -     val_accuracy   : 0.45514455782312924
2021-09-30 06:05:39,652 - trainer - INFO -     val_top_k_acc  : 0.6492346938775511
2021-09-30 06:05:39,653 - trainer - INFO -     conf mat       : tensor([[174.,  15.,  39.,  19.,  38.,  13.,  61.],
        [  6.,  26.,  19.,   3.,  36.,   0.,   7.],
        [ 13.,   7., 164.,  15.,  18.,   1.,  16.],
        [ 18.,   2.,  52.,  74.,  17.,   5.,  22.],
        [ 38.,   5.,  23.,   8., 136.,   5.,  27.],
        [ 22.,   8.,  20.,   2.,  18.,  19.,  31.],
        [ 69.,   8.,  38.,  11.,  49.,  17., 114.]])
2021-09-30 06:05:39,654 - trainer - INFO -     class prec     : tensor([0.5118, 0.3662, 0.4620, 0.5606, 0.4359, 0.3167, 0.4101])
2021-09-30 06:05:39,655 - trainer - INFO -     class rec      : tensor([0.4847, 0.2680, 0.7009, 0.3895, 0.5620, 0.1583, 0.3725])
2021-09-30 06:05:39,656 - trainer - INFO -     f1             : tensor([0.4979, 0.3095, 0.5569, 0.4596, 0.4910, 0.2111, 0.3904])
2021-09-30 06:05:39,656 - trainer - INFO -     avg prec       : 0.43759649991989136
2021-09-30 06:05:39,657 - trainer - INFO -     avg rec        : 0.4194164276123047
2021-09-30 06:05:39,657 - trainer - INFO -     avg f1         : 0.416625440120697
2021-09-30 06:05:41,576 - trainer - INFO - Saving checkpoint: results/slow_r50/0930_011807/models/checkpoint-epoch17.pth ...
2021-09-30 06:22:36,763 - trainer - INFO -     epoch          : 18
2021-09-30 06:22:36,764 - trainer - INFO -     loss           : 1.3708275243179084
2021-09-30 06:22:36,765 - trainer - INFO -     accuracy       : 0.47514592177077014
2021-09-30 06:22:36,766 - trainer - INFO -     top_k_acc      : 0.6880590509399636
2021-09-30 06:22:36,767 - trainer - INFO -     val_loss       : 1.4597759976678966
2021-09-30 06:22:36,767 - trainer - INFO -     val_accuracy   : 0.4615221088435374
2021-09-30 06:22:36,768 - trainer - INFO -     val_top_k_acc  : 0.6645408163265306
2021-09-30 06:22:36,769 - trainer - INFO -     conf mat       : tensor([[207.,  23.,  40.,  12.,  28.,   2.,  47.],
        [ 11.,  35.,  23.,   2.,  19.,   0.,   7.],
        [ 20.,  10., 168.,   7.,  15.,   2.,  12.],
        [ 25.,   2.,  64.,  65.,  14.,   3.,  17.],
        [ 44.,  15.,  30.,   7., 122.,   4.,  20.],
        [ 33.,   9.,  18.,   2.,  21.,  18.,  19.],
        [ 97.,  16.,  41.,  10.,  33.,  12.,  97.]])
2021-09-30 06:22:36,770 - trainer - INFO -     class prec     : tensor([0.4737, 0.3182, 0.4375, 0.6190, 0.4841, 0.4390, 0.4429])
2021-09-30 06:22:36,770 - trainer - INFO -     class rec      : tensor([0.5766, 0.3608, 0.7179, 0.3421, 0.5041, 0.1500, 0.3170])
2021-09-30 06:22:36,771 - trainer - INFO -     f1             : tensor([0.5201, 0.3382, 0.5437, 0.4407, 0.4939, 0.2236, 0.3695])
2021-09-30 06:22:36,771 - trainer - INFO -     avg prec       : 0.4592125117778778
2021-09-30 06:22:36,772 - trainer - INFO -     avg rec        : 0.4240866005420685
2021-09-30 06:22:36,772 - trainer - INFO -     avg f1         : 0.41852647066116333
2021-09-30 06:22:38,687 - trainer - INFO - Saving checkpoint: results/slow_r50/0930_011807/models/checkpoint-epoch18.pth ...
2021-09-30 06:39:29,446 - trainer - INFO -     epoch          : 19
2021-09-30 06:39:29,447 - trainer - INFO -     loss           : 1.365649704466161
2021-09-30 06:39:29,448 - trainer - INFO -     accuracy       : 0.48241358399029716
2021-09-30 06:39:29,449 - trainer - INFO -     top_k_acc      : 0.6861450121285628
2021-09-30 06:39:29,449 - trainer - INFO -     val_loss       : 1.4682658837766063
2021-09-30 06:39:29,450 - trainer - INFO -     val_accuracy   : 0.4534438775510204
2021-09-30 06:39:29,451 - trainer - INFO -     val_top_k_acc  : 0.6564625850340136
2021-09-30 06:39:29,452 - trainer - INFO -     conf mat       : tensor([[169.,  16.,  40.,  22.,  44.,   4.,  64.],
        [  7.,  31.,  24.,   2.,  26.,   0.,   7.],
        [ 13.,  10., 159.,  19.,  15.,   2.,  16.],
        [ 15.,   2.,  48.,  91.,  13.,   4.,  17.],
        [ 35.,   9.,  34.,  11., 122.,   2.,  29.],
        [ 21.,   7.,  21.,   6.,  23.,  17.,  25.],
        [ 69.,  11.,  44.,  15.,  39.,  11., 117.]])
2021-09-30 06:39:29,453 - trainer - INFO -     class prec     : tensor([0.5137, 0.3605, 0.4297, 0.5482, 0.4326, 0.4250, 0.4255])
2021-09-30 06:39:29,455 - trainer - INFO -     class rec      : tensor([0.4708, 0.3196, 0.6795, 0.4789, 0.5041, 0.1417, 0.3824])
2021-09-30 06:39:29,456 - trainer - INFO -     f1             : tensor([0.4913, 0.3388, 0.5265, 0.5112, 0.4656, 0.2125, 0.4028])
2021-09-30 06:39:29,456 - trainer - INFO -     avg prec       : 0.4478777348995209
2021-09-30 06:39:29,457 - trainer - INFO -     avg rec        : 0.42527517676353455
2021-09-30 06:39:29,458 - trainer - INFO -     avg f1         : 0.42124366760253906
2021-09-30 06:39:31,457 - trainer - INFO - Saving checkpoint: results/slow_r50/0930_011807/models/checkpoint-epoch19.pth ...
2021-09-30 06:56:22,051 - trainer - INFO -     epoch          : 20
2021-09-30 06:56:22,052 - trainer - INFO -     loss           : 1.360024806764937
2021-09-30 06:56:22,053 - trainer - INFO -     accuracy       : 0.47838652213462707
2021-09-30 06:56:22,054 - trainer - INFO -     top_k_acc      : 0.687879017586416
2021-09-30 06:56:22,054 - trainer - INFO -     val_loss       : 1.458424147294492
2021-09-30 06:56:22,055 - trainer - INFO -     val_accuracy   : 0.4513180272108843
2021-09-30 06:56:22,055 - trainer - INFO -     val_top_k_acc  : 0.6730442176870748
2021-09-30 06:56:22,056 - trainer - INFO -     conf mat       : tensor([[191.,  21.,  36.,  20.,  41.,   1.,  49.],
        [  7.,  31.,  22.,   3.,  27.,   0.,   7.],
        [ 16.,   6., 163.,  17.,  21.,   1.,  10.],
        [ 21.,   2.,  54.,  85.,  11.,   2.,  15.],
        [ 37.,  10.,  41.,  11., 122.,   1.,  20.],
        [ 34.,   6.,  17.,   9.,  25.,   9.,  20.],
        [ 83.,  12.,  50.,  12.,  45.,   9.,  95.]])
2021-09-30 06:56:22,057 - trainer - INFO -     class prec     : tensor([0.4910, 0.3523, 0.4256, 0.5414, 0.4178, 0.3913, 0.4398])
2021-09-30 06:56:22,058 - trainer - INFO -     class rec      : tensor([0.5320, 0.3196, 0.6966, 0.4474, 0.5041, 0.0750, 0.3105])
2021-09-30 06:56:22,059 - trainer - INFO -     f1             : tensor([0.5107, 0.3351, 0.5284, 0.4899, 0.4569, 0.1259, 0.3640])
2021-09-30 06:56:22,060 - trainer - INFO -     avg prec       : 0.43702730536460876
2021-09-30 06:56:22,061 - trainer - INFO -     avg rec        : 0.4121657907962799
2021-09-30 06:56:22,061 - trainer - INFO -     avg f1         : 0.4015563428401947
2021-09-30 06:56:23,978 - trainer - INFO - Saving checkpoint: results/slow_r50/0930_011807/models/checkpoint-epoch20.pth ...
2021-09-30 07:13:12,025 - trainer - INFO -     epoch          : 21
2021-09-30 07:13:12,026 - trainer - INFO -     loss           : 1.34629848660882
2021-09-30 07:13:12,028 - trainer - INFO -     accuracy       : 0.48639326864766524
2021-09-30 07:13:12,029 - trainer - INFO -     top_k_acc      : 0.6955446482716798
2021-09-30 07:13:12,029 - trainer - INFO -     val_loss       : 1.4458333983713267
2021-09-30 07:13:12,030 - trainer - INFO -     val_accuracy   : 0.4530187074829932
2021-09-30 07:13:12,031 - trainer - INFO -     val_top_k_acc  : 0.6647534013605442
2021-09-30 07:13:12,032 - trainer - INFO -     conf mat       : tensor([[201.,  24.,  35.,  18.,  35.,   5.,  41.],
        [  9.,  35.,  23.,   1.,  23.,   0.,   6.],
        [ 11.,   8., 173.,  13.,  14.,   3.,  12.],
        [ 23.,   2.,  52.,  78.,  11.,   4.,  20.],
        [ 45.,  15.,  37.,  10., 110.,   4.,  21.],
        [ 34.,   8.,  17.,   8.,  14.,  18.,  21.],
        [ 95.,  19.,  41.,  13.,  33.,  13.,  92.]])
2021-09-30 07:13:12,033 - trainer - INFO -     class prec     : tensor([0.4809, 0.3153, 0.4577, 0.5532, 0.4583, 0.3830, 0.4319])
2021-09-30 07:13:12,034 - trainer - INFO -     class rec      : tensor([0.5599, 0.3608, 0.7393, 0.4105, 0.4545, 0.1500, 0.3007])
2021-09-30 07:13:12,035 - trainer - INFO -     f1             : tensor([0.5174, 0.3365, 0.5654, 0.4713, 0.4564, 0.2156, 0.3545])
2021-09-30 07:13:12,035 - trainer - INFO -     avg prec       : 0.4400395452976227
2021-09-30 07:13:12,036 - trainer - INFO -     avg rec        : 0.4251078963279724
2021-09-30 07:13:12,037 - trainer - INFO -     avg f1         : 0.41672852635383606
2021-09-30 07:13:13,950 - trainer - INFO - Saving checkpoint: results/slow_r50/0930_011807/models/checkpoint-epoch21.pth ...
2021-09-30 07:30:00,393 - trainer - INFO -     epoch          : 22
2021-09-30 07:30:00,394 - trainer - INFO -     loss           : 1.339503156155655
2021-09-30 07:30:00,395 - trainer - INFO -     accuracy       : 0.4949780169799879
2021-09-30 07:30:00,396 - trainer - INFO -     top_k_acc      : 0.7025375227410552
2021-09-30 07:30:00,396 - trainer - INFO -     val_loss       : 1.4317331216773208
2021-09-30 07:30:00,397 - trainer - INFO -     val_accuracy   : 0.47236394557823125
2021-09-30 07:30:00,397 - trainer - INFO -     val_top_k_acc  : 0.6698554421768707
2021-09-30 07:30:00,399 - trainer - INFO -     conf mat       : tensor([[193.,  20.,  19.,  15.,  34.,  13.,  65.],
        [  7.,  33.,  21.,   4.,  25.,   0.,   7.],
        [ 16.,  11., 137.,  13.,  24.,   6.,  27.],
        [ 21.,   2.,  37.,  82.,  18.,   6.,  24.],
        [ 33.,  17.,  11.,  11., 121.,   8.,  41.],
        [ 26.,  13.,   8.,   3.,  18.,  23.,  29.],
        [ 62.,  16.,  24.,  11.,  38.,  20., 135.]])
2021-09-30 07:30:00,399 - trainer - INFO -     class prec     : tensor([0.5391, 0.2946, 0.5331, 0.5899, 0.4353, 0.3026, 0.4116])
2021-09-30 07:30:00,400 - trainer - INFO -     class rec      : tensor([0.5376, 0.3402, 0.5855, 0.4316, 0.5000, 0.1917, 0.4412])
2021-09-30 07:30:00,401 - trainer - INFO -     f1             : tensor([0.5384, 0.3158, 0.5580, 0.4985, 0.4654, 0.2347, 0.4259])
2021-09-30 07:30:00,401 - trainer - INFO -     avg prec       : 0.4437456727027893
2021-09-30 07:30:00,402 - trainer - INFO -     avg rec        : 0.43252894282341003
2021-09-30 07:30:00,402 - trainer - INFO -     avg f1         : 0.43380212783813477
2021-09-30 07:30:02,315 - trainer - INFO - Saving checkpoint: results/slow_r50/0930_011807/models/checkpoint-epoch22.pth ...
2021-09-30 07:30:04,258 - trainer - INFO - Saving current best: model_best.pth ...
2021-09-30 07:46:53,339 - trainer - INFO -     epoch          : 23
2021-09-30 07:46:53,340 - trainer - INFO -     loss           : 1.3214376190888513
2021-09-30 07:46:53,341 - trainer - INFO -     accuracy       : 0.4955749696785931
2021-09-30 07:46:53,341 - trainer - INFO -     top_k_acc      : 0.6998749241964828
2021-09-30 07:46:53,342 - trainer - INFO -     val_loss       : 1.4689373970031738
2021-09-30 07:46:53,342 - trainer - INFO -     val_accuracy   : 0.46237244897959184
2021-09-30 07:46:53,343 - trainer - INFO -     val_top_k_acc  : 0.6636904761904763
2021-09-30 07:46:53,344 - trainer - INFO -     conf mat       : tensor([[179.,  15.,  42.,  29.,  35.,  17.,  42.],
        [ 10.,  29.,  23.,   3.,  25.,   1.,   6.],
        [ 15.,   6., 174.,  13.,  12.,   3.,  11.],
        [ 17.,   3.,  53.,  88.,  11.,   5.,  13.],
        [ 30.,  11.,  37.,  14., 120.,   8.,  22.],
        [ 17.,  10.,  21.,  10.,  15.,  28.,  19.],
        [ 63.,  13.,  47.,  27.,  38.,  21.,  97.]])
2021-09-30 07:46:53,345 - trainer - INFO -     class prec     : tensor([0.5408, 0.3333, 0.4383, 0.4783, 0.4688, 0.3373, 0.4619])
2021-09-30 07:46:53,345 - trainer - INFO -     class rec      : tensor([0.4986, 0.2990, 0.7436, 0.4632, 0.4959, 0.2333, 0.3170])
2021-09-30 07:46:53,346 - trainer - INFO -     f1             : tensor([0.5188, 0.3152, 0.5515, 0.4706, 0.4819, 0.2759, 0.3760])
2021-09-30 07:46:53,347 - trainer - INFO -     avg prec       : 0.43695300817489624
2021-09-30 07:46:53,348 - trainer - INFO -     avg rec        : 0.4357883632183075
2021-09-30 07:46:53,348 - trainer - INFO -     avg f1         : 0.4271300435066223
2021-09-30 07:46:55,262 - trainer - INFO - Saving checkpoint: results/slow_r50/0930_011807/models/checkpoint-epoch23.pth ...
2021-09-30 08:03:49,033 - trainer - INFO -     epoch          : 24
2021-09-30 08:03:49,034 - trainer - INFO -     loss           : 1.3272983167589325
2021-09-30 08:03:49,035 - trainer - INFO -     accuracy       : 0.49225856579745303
2021-09-30 08:03:49,037 - trainer - INFO -     top_k_acc      : 0.7006803365676167
2021-09-30 08:03:49,037 - trainer - INFO -     val_loss       : 1.4038027062708018
2021-09-30 08:03:49,038 - trainer - INFO -     val_accuracy   : 0.48171768707483
2021-09-30 08:03:49,038 - trainer - INFO -     val_top_k_acc  : 0.6838860544217686
2021-09-30 08:03:49,039 - trainer - INFO -     conf mat       : tensor([[202.,  13.,  26.,  16.,  37.,   5.,  60.],
        [  8.,  36.,  22.,   3.,  20.,   0.,   8.],
        [ 18.,   9., 156.,   9.,  19.,   3.,  20.],
        [ 31.,   4.,  40.,  81.,  13.,   4.,  17.],
        [ 38.,  14.,  20.,   7., 124.,   7.,  32.],
        [ 27.,   8.,  13.,   4.,  18.,  22.,  28.],
        [ 96.,  12.,  22.,   9.,  33.,  13., 121.]])
2021-09-30 08:03:49,040 - trainer - INFO -     class prec     : tensor([0.4810, 0.3750, 0.5217, 0.6279, 0.4697, 0.4074, 0.4231])
2021-09-30 08:03:49,041 - trainer - INFO -     class rec      : tensor([0.5627, 0.3711, 0.6667, 0.4263, 0.5124, 0.1833, 0.3954])
2021-09-30 08:03:49,042 - trainer - INFO -     f1             : tensor([0.5186, 0.3731, 0.5854, 0.5078, 0.4901, 0.2529, 0.4088])
2021-09-30 08:03:49,043 - trainer - INFO -     avg prec       : 0.4722542464733124
2021-09-30 08:03:49,043 - trainer - INFO -     avg rec        : 0.4454208016395569
2021-09-30 08:03:49,044 - trainer - INFO -     avg f1         : 0.4480927884578705
2021-09-30 08:03:50,964 - trainer - INFO - Saving checkpoint: results/slow_r50/0930_011807/models/checkpoint-epoch24.pth ...
2021-09-30 08:03:52,901 - trainer - INFO - Saving current best: model_best.pth ...
2021-09-30 08:20:49,696 - trainer - INFO -     epoch          : 25
2021-09-30 08:20:49,697 - trainer - INFO -     loss           : 1.3047941059795851
2021-09-30 08:20:49,699 - trainer - INFO -     accuracy       : 0.5071350060642814
2021-09-30 08:20:49,699 - trainer - INFO -     top_k_acc      : 0.716286385688296
2021-09-30 08:20:49,700 - trainer - INFO -     val_loss       : 1.4241217362637422
2021-09-30 08:20:49,701 - trainer - INFO -     val_accuracy   : 0.4802295918367347
2021-09-30 08:20:49,701 - trainer - INFO -     val_top_k_acc  : 0.6872874149659864
2021-09-30 08:20:49,703 - trainer - INFO -     conf mat       : tensor([[195.,   9.,  26.,  22.,  43.,   6.,  58.],
        [ 11.,  24.,  17.,   5.,  33.,   0.,   7.],
        [ 15.,   4., 156.,  17.,  23.,   3.,  16.],
        [ 22.,   1.,  42.,  93.,  15.,   3.,  14.],
        [ 27.,   4.,  21.,  14., 141.,   2.,  33.],
        [ 23.,   5.,  14.,   7.,  23.,  21.,  27.],
        [ 79.,   8.,  31.,  22.,  48.,  10., 108.]])
2021-09-30 08:20:49,704 - trainer - INFO -     class prec     : tensor([0.5242, 0.4364, 0.5081, 0.5167, 0.4325, 0.4667, 0.4106])
2021-09-30 08:20:49,705 - trainer - INFO -     class rec      : tensor([0.5432, 0.2474, 0.6667, 0.4895, 0.5826, 0.1750, 0.3529])
2021-09-30 08:20:49,706 - trainer - INFO -     f1             : tensor([0.5335, 0.3158, 0.5767, 0.5027, 0.4965, 0.2545, 0.3796])
2021-09-30 08:20:49,707 - trainer - INFO -     avg prec       : 0.47074222564697266
2021-09-30 08:20:49,708 - trainer - INFO -     avg rec        : 0.43676063418388367
2021-09-30 08:20:49,709 - trainer - INFO -     avg f1         : 0.43705078959465027
2021-09-30 08:20:51,621 - trainer - INFO - Saving checkpoint: results/slow_r50/0930_011807/models/checkpoint-epoch25.pth ...
2021-09-30 08:37:43,247 - trainer - INFO -     epoch          : 26
2021-09-30 08:37:43,248 - trainer - INFO -     loss           : 1.3119657141031678
2021-09-30 08:37:43,249 - trainer - INFO -     accuracy       : 0.5036101425106125
2021-09-30 08:37:43,250 - trainer - INFO -     top_k_acc      : 0.7111317465130382
2021-09-30 08:37:43,251 - trainer - INFO -     val_loss       : 1.4603270669372714
2021-09-30 08:37:43,252 - trainer - INFO -     val_accuracy   : 0.4674744897959184
2021-09-30 08:37:43,253 - trainer - INFO -     val_top_k_acc  : 0.6588010204081632
2021-09-30 08:37:43,254 - trainer - INFO -     conf mat       : tensor([[242.,  17.,  28.,  11.,  20.,   8.,  33.],
        [ 13.,  35.,  23.,   1.,  17.,   3.,   5.],
        [ 31.,  10., 154.,   9.,  14.,   1.,  15.],
        [ 38.,   2.,  50.,  67.,  11.,   3.,  19.],
        [ 56.,  12.,  25.,   8., 114.,   8.,  19.],
        [ 45.,   7.,  13.,   1.,  12.,  25.,  17.],
        [113.,  17.,  24.,  11.,  31.,  19.,  91.]])
2021-09-30 08:37:43,255 - trainer - INFO -     class prec     : tensor([0.4498, 0.3500, 0.4858, 0.6204, 0.5205, 0.3731, 0.4573])
2021-09-30 08:37:43,256 - trainer - INFO -     class rec      : tensor([0.6741, 0.3608, 0.6581, 0.3526, 0.4711, 0.2083, 0.2974])
2021-09-30 08:37:43,257 - trainer - INFO -     f1             : tensor([0.5396, 0.3553, 0.5590, 0.4497, 0.4946, 0.2674, 0.3604])
2021-09-30 08:37:43,257 - trainer - INFO -     avg prec       : 0.46527963876724243
2021-09-30 08:37:43,258 - trainer - INFO -     avg rec        : 0.4317805767059326
2021-09-30 08:37:43,258 - trainer - INFO -     avg f1         : 0.43227246403694153
2021-09-30 08:37:45,169 - trainer - INFO - Saving checkpoint: results/slow_r50/0930_011807/models/checkpoint-epoch26.pth ...
2021-09-30 08:54:35,568 - trainer - INFO -     epoch          : 27
2021-09-30 08:54:35,569 - trainer - INFO -     loss           : 1.282330299775625
2021-09-30 08:54:35,571 - trainer - INFO -     accuracy       : 0.5150090964220739
2021-09-30 08:54:35,571 - trainer - INFO -     top_k_acc      : 0.72017131594906
2021-09-30 08:54:35,572 - trainer - INFO -     val_loss       : 1.4840885181816257
2021-09-30 08:54:35,572 - trainer - INFO -     val_accuracy   : 0.467687074829932
2021-09-30 08:54:35,573 - trainer - INFO -     val_top_k_acc  : 0.6575255102040817
2021-09-30 08:54:35,575 - trainer - INFO -     conf mat       : tensor([[186.,  15.,  35.,  23.,  54.,  16.,  30.],
        [  8.,  32.,  23.,   4.,  24.,   1.,   5.],
        [ 13.,   5., 162.,   9.,  28.,   4.,  13.],
        [ 21.,   2.,  49.,  78.,  23.,   3.,  14.],
        [ 29.,  10.,  23.,  12., 151.,   5.,  12.],
        [ 21.,   8.,  20.,   4.,  24.,  30.,  13.],
        [ 72.,  12.,  35.,  19.,  61.,  21.,  86.]])
2021-09-30 08:54:35,576 - trainer - INFO -     class prec     : tensor([0.5314, 0.3810, 0.4669, 0.5235, 0.4137, 0.3750, 0.4971])
2021-09-30 08:54:35,577 - trainer - INFO -     class rec      : tensor([0.5181, 0.3299, 0.6923, 0.4105, 0.6240, 0.2500, 0.2810])
2021-09-30 08:54:35,578 - trainer - INFO -     f1             : tensor([0.5247, 0.3536, 0.5577, 0.4602, 0.4975, 0.3000, 0.3591])
2021-09-30 08:54:35,578 - trainer - INFO -     avg prec       : 0.45550546050071716
2021-09-30 08:54:35,579 - trainer - INFO -     avg rec        : 0.44369277358055115
2021-09-30 08:54:35,580 - trainer - INFO -     avg f1         : 0.43610289692878723
2021-09-30 08:54:37,494 - trainer - INFO - Saving checkpoint: results/slow_r50/0930_011807/models/checkpoint-epoch27.pth ...
2021-09-30 09:11:28,386 - trainer - INFO -     epoch          : 28
2021-09-30 09:11:28,387 - trainer - INFO -     loss           : 1.2811697607802361
2021-09-30 09:11:28,389 - trainer - INFO -     accuracy       : 0.5188182231655549
2021-09-30 09:11:28,389 - trainer - INFO -     top_k_acc      : 0.7188447543966041
2021-09-30 09:11:28,390 - trainer - INFO -     val_loss       : 1.4777485995876545
2021-09-30 09:11:28,391 - trainer - INFO -     val_accuracy   : 0.4517431972789116
2021-09-30 09:11:28,392 - trainer - INFO -     val_top_k_acc  : 0.6577380952380952
2021-09-30 09:11:28,393 - trainer - INFO -     conf mat       : tensor([[189.,  12.,  50.,  14.,  28.,  20.,  46.],
        [ 12.,  29.,  26.,   1.,  21.,   1.,   7.],
        [ 16.,   7., 176.,   7.,  14.,   2.,  12.],
        [ 26.,   3.,  64.,  69.,   7.,   4.,  17.],
        [ 30.,  14.,  48.,  12., 100.,  11.,  27.],
        [ 24.,   9.,  21.,   3.,  13.,  27.,  23.],
        [ 76.,  12.,  49.,  13.,  30.,  21., 105.]])
2021-09-30 09:11:28,394 - trainer - INFO -     class prec     : tensor([0.5067, 0.3372, 0.4055, 0.5798, 0.4695, 0.3140, 0.4430])
2021-09-30 09:11:28,395 - trainer - INFO -     class rec      : tensor([0.5265, 0.2990, 0.7521, 0.3632, 0.4132, 0.2250, 0.3431])
2021-09-30 09:11:28,396 - trainer - INFO -     f1             : tensor([0.5164, 0.3169, 0.5269, 0.4466, 0.4396, 0.2621, 0.3867])
2021-09-30 09:11:28,396 - trainer - INFO -     avg prec       : 0.4365355372428894
2021-09-30 09:11:28,397 - trainer - INFO -     avg rec        : 0.41744092106819153
2021-09-30 09:11:28,397 - trainer - INFO -     avg f1         : 0.4136168658733368
2021-09-30 09:11:30,310 - trainer - INFO - Saving checkpoint: results/slow_r50/0930_011807/models/checkpoint-epoch28.pth ...
2021-09-30 09:28:20,681 - trainer - INFO -     epoch          : 29
2021-09-30 09:28:20,682 - trainer - INFO -     loss           : 1.2773746036991631
2021-09-30 09:28:20,683 - trainer - INFO -     accuracy       : 0.5174442844147968
2021-09-30 09:28:20,684 - trainer - INFO -     top_k_acc      : 0.722890767131595
2021-09-30 09:28:20,684 - trainer - INFO -     val_loss       : 1.4092305363441
2021-09-30 09:28:20,684 - trainer - INFO -     val_accuracy   : 0.4804421768707483
2021-09-30 09:28:20,685 - trainer - INFO -     val_top_k_acc  : 0.689625850340136
2021-09-30 09:28:20,686 - trainer - INFO -     conf mat       : tensor([[200.,  13.,  27.,  21.,  44.,   4.,  50.],
        [  8.,  33.,  17.,   6.,  28.,   0.,   5.],
        [ 19.,   8., 160.,  12.,  20.,   3.,  12.],
        [ 23.,   2.,  39.,  90.,  16.,   3.,  17.],
        [ 43.,  12.,  19.,  15., 133.,   3.,  17.],
        [ 25.,  10.,  14.,   7.,  24.,  22.,  18.],
        [ 89.,  14.,  26.,  15.,  43.,  12., 107.]])
2021-09-30 09:28:20,687 - trainer - INFO -     class prec     : tensor([0.4914, 0.3587, 0.5298, 0.5422, 0.4318, 0.4681, 0.4735])
2021-09-30 09:28:20,687 - trainer - INFO -     class rec      : tensor([0.5571, 0.3402, 0.6838, 0.4737, 0.5496, 0.1833, 0.3497])
2021-09-30 09:28:20,688 - trainer - INFO -     f1             : tensor([0.5222, 0.3492, 0.5970, 0.5056, 0.4836, 0.2635, 0.4023])
2021-09-30 09:28:20,688 - trainer - INFO -     avg prec       : 0.470774382352829
2021-09-30 09:28:20,689 - trainer - INFO -     avg rec        : 0.4481925368309021
2021-09-30 09:28:20,689 - trainer - INFO -     avg f1         : 0.4461996257305145
2021-09-30 09:28:22,611 - trainer - INFO - Saving checkpoint: results/slow_r50/0930_011807/models/checkpoint-epoch29.pth ...
2021-09-30 09:45:14,199 - trainer - INFO -     epoch          : 30
2021-09-30 09:45:14,200 - trainer - INFO -     loss           : 1.2551781925343977
2021-09-30 09:45:14,201 - trainer - INFO -     accuracy       : 0.5252615221346271
2021-09-30 09:45:14,201 - trainer - INFO -     top_k_acc      : 0.7241415251667677
2021-09-30 09:45:14,202 - trainer - INFO -     val_loss       : 1.4610329355512346
2021-09-30 09:45:14,202 - trainer - INFO -     val_accuracy   : 0.4689625850340136
2021-09-30 09:45:14,203 - trainer - INFO -     val_top_k_acc  : 0.6741071428571429
2021-09-30 09:45:14,204 - trainer - INFO -     conf mat       : tensor([[205.,  30.,  22.,  19.,  36.,   7.,  40.],
        [ 10.,  40.,  14.,   1.,  26.,   2.,   4.],
        [ 17.,  23., 151.,  12.,  20.,   2.,   9.],
        [ 24.,   6.,  45.,  84.,  15.,   4.,  12.],
        [ 42.,  26.,  18.,  10., 122.,   8.,  16.],
        [ 30.,  14.,   9.,   6.,  15.,  31.,  15.],
        [ 95.,  23.,  28.,  15.,  39.,  17.,  89.]])
2021-09-30 09:45:14,204 - trainer - INFO -     class prec     : tensor([0.4846, 0.2469, 0.5261, 0.5714, 0.4469, 0.4366, 0.4811])
2021-09-30 09:45:14,205 - trainer - INFO -     class rec      : tensor([0.5710, 0.4124, 0.6453, 0.4421, 0.5041, 0.2583, 0.2908])
2021-09-30 09:45:14,206 - trainer - INFO -     f1             : tensor([0.5243, 0.3089, 0.5797, 0.4985, 0.4738, 0.3246, 0.3625])
2021-09-30 09:45:14,207 - trainer - INFO -     avg prec       : 0.456242173910141
2021-09-30 09:45:14,208 - trainer - INFO -     avg rec        : 0.4463030993938446
2021-09-30 09:45:14,208 - trainer - INFO -     avg f1         : 0.4388952851295471
2021-09-30 09:45:16,169 - trainer - INFO - Saving checkpoint: results/slow_r50/0930_011807/models/checkpoint-epoch30.pth ...
2021-09-30 10:02:17,234 - trainer - INFO -     epoch          : 31
2021-09-30 10:02:17,235 - trainer - INFO -     loss           : 1.2558618172542335
2021-09-30 10:02:17,236 - trainer - INFO -     accuracy       : 0.5243329290479078
2021-09-30 10:02:17,237 - trainer - INFO -     top_k_acc      : 0.7341286385688295
2021-09-30 10:02:17,238 - trainer - INFO -     val_loss       : 1.4408148332517974
2021-09-30 10:02:17,238 - trainer - INFO -     val_accuracy   : 0.4700255102040816
2021-09-30 10:02:17,239 - trainer - INFO -     val_top_k_acc  : 0.6715561224489796
2021-09-30 10:02:17,240 - trainer - INFO -     conf mat       : tensor([[207.,  12.,  27.,  24.,  27.,  11.,  51.],
        [ 21.,  27.,  18.,   7.,  15.,   0.,   9.],
        [ 16.,   6., 163.,  22.,  12.,   4.,  11.],
        [ 21.,   2.,  39., 102.,   8.,   3.,  15.],
        [ 43.,  15.,  35.,  17., 102.,   8.,  22.],
        [ 29.,   4.,  16.,   9.,  14.,  29.,  19.],
        [ 82.,  11.,  37.,  31.,  22.,  21., 102.]])
2021-09-30 10:02:17,241 - trainer - INFO -     class prec     : tensor([0.4940, 0.3506, 0.4866, 0.4811, 0.5100, 0.3816, 0.4454])
2021-09-30 10:02:17,242 - trainer - INFO -     class rec      : tensor([0.5766, 0.2784, 0.6966, 0.5368, 0.4215, 0.2417, 0.3333])
2021-09-30 10:02:17,242 - trainer - INFO -     f1             : tensor([0.5321, 0.3103, 0.5729, 0.5075, 0.4615, 0.2959, 0.3813])
2021-09-30 10:02:17,243 - trainer - INFO -     avg prec       : 0.44991081953048706
2021-09-30 10:02:17,243 - trainer - INFO -     avg rec        : 0.4406947195529938
2021-09-30 10:02:17,244 - trainer - INFO -     avg f1         : 0.437377393245697
2021-09-30 10:02:19,158 - trainer - INFO - Saving checkpoint: results/slow_r50/0930_011807/models/checkpoint-epoch31.pth ...
2021-09-30 10:19:09,482 - trainer - INFO -     epoch          : 32
2021-09-30 10:19:09,484 - trainer - INFO -     loss           : 1.2413172632763065
2021-09-30 10:19:09,485 - trainer - INFO -     accuracy       : 0.5262469678593087
2021-09-30 10:19:09,486 - trainer - INFO -     top_k_acc      : 0.7394254093389933
2021-09-30 10:19:09,486 - trainer - INFO -     val_loss       : 1.431648657029989
2021-09-30 10:19:09,487 - trainer - INFO -     val_accuracy   : 0.4800170068027211
2021-09-30 10:19:09,487 - trainer - INFO -     val_top_k_acc  : 0.6938775510204082
2021-09-30 10:19:09,488 - trainer - INFO -     conf mat       : tensor([[209.,  13.,  16.,  12.,  37.,  13.,  59.],
        [ 15.,  33.,  12.,   4.,  24.,   1.,   8.],
        [ 20.,  14., 148.,  10.,  21.,   5.,  16.],
        [ 19.,   3.,  36.,  82.,  17.,   5.,  28.],
        [ 41.,  19.,  11.,   9., 124.,  11.,  27.],
        [ 29.,   9.,   6.,   4.,  19.,  30.,  23.],
        [ 91.,  16.,  21.,   9.,  32.,  22., 115.]])
2021-09-30 10:19:09,489 - trainer - INFO -     class prec     : tensor([0.4929, 0.3084, 0.5920, 0.6308, 0.4526, 0.3448, 0.4167])
2021-09-30 10:19:09,490 - trainer - INFO -     class rec      : tensor([0.5822, 0.3402, 0.6325, 0.4316, 0.5124, 0.2500, 0.3758])
2021-09-30 10:19:09,491 - trainer - INFO -     f1             : tensor([0.5338, 0.3235, 0.6116, 0.5125, 0.4806, 0.2899, 0.3952])
2021-09-30 10:19:09,492 - trainer - INFO -     avg prec       : 0.4625934660434723
2021-09-30 10:19:09,492 - trainer - INFO -     avg rec        : 0.446378618478775
2021-09-30 10:19:09,493 - trainer - INFO -     avg f1         : 0.4495868682861328
2021-09-30 10:19:11,404 - trainer - INFO - Saving checkpoint: results/slow_r50/0930_011807/models/checkpoint-epoch32.pth ...
2021-09-30 10:36:04,525 - trainer - INFO -     epoch          : 33
2021-09-30 10:36:04,526 - trainer - INFO -     loss           : 1.238454634688564
2021-09-30 10:36:04,528 - trainer - INFO -     accuracy       : 0.5315626895087933
2021-09-30 10:36:04,528 - trainer - INFO -     top_k_acc      : 0.7415573832625835
2021-09-30 10:36:04,529 - trainer - INFO -     val_loss       : 1.452074083746696
2021-09-30 10:36:04,529 - trainer - INFO -     val_accuracy   : 0.47831632653061223
2021-09-30 10:36:04,529 - trainer - INFO -     val_top_k_acc  : 0.6843112244897959
2021-09-30 10:36:04,531 - trainer - INFO -     conf mat       : tensor([[195.,  14.,  17.,  13.,  55.,   4.,  61.],
        [ 11.,  31.,  19.,   1.,  27.,   1.,   7.],
        [ 18.,   9., 146.,   5.,  27.,   4.,  25.],
        [ 22.,   3.,  38.,  73.,  26.,   4.,  24.],
        [ 38.,  10.,  14.,   9., 143.,   7.,  21.],
        [ 22.,  10.,   9.,   2.,  27.,  29.,  21.],
        [ 76.,  18.,  23.,  13.,  45.,  13., 118.]])
2021-09-30 10:36:04,532 - trainer - INFO -     class prec     : tensor([0.5105, 0.3263, 0.5489, 0.6293, 0.4086, 0.4677, 0.4260])
2021-09-30 10:36:04,533 - trainer - INFO -     class rec      : tensor([0.5432, 0.3196, 0.6239, 0.3842, 0.5909, 0.2417, 0.3856])
2021-09-30 10:36:04,534 - trainer - INFO -     f1             : tensor([0.5263, 0.3229, 0.5840, 0.4771, 0.4831, 0.3187, 0.4048])
2021-09-30 10:36:04,535 - trainer - INFO -     avg prec       : 0.4738965332508087
2021-09-30 10:36:04,536 - trainer - INFO -     avg rec        : 0.4413002133369446
2021-09-30 10:36:04,536 - trainer - INFO -     avg f1         : 0.4452783763408661
2021-09-30 10:36:06,450 - trainer - INFO - Saving checkpoint: results/slow_r50/0930_011807/models/checkpoint-epoch33.pth ...
2021-09-30 10:52:54,828 - trainer - INFO -     epoch          : 34
2021-09-30 10:52:54,829 - trainer - INFO -     loss           : 1.2290197515610568
2021-09-30 10:52:54,830 - trainer - INFO -     accuracy       : 0.5406022589448151
2021-09-30 10:52:54,831 - trainer - INFO -     top_k_acc      : 0.7432061097634931
2021-09-30 10:52:54,832 - trainer - INFO -     val_loss       : 1.513201072507975
2021-09-30 10:52:54,832 - trainer - INFO -     val_accuracy   : 0.4653486394557823
2021-09-30 10:52:54,833 - trainer - INFO -     val_top_k_acc  : 0.6590136054421768
2021-09-30 10:52:54,834 - trainer - INFO -     conf mat       : tensor([[207.,  23.,  29.,  21.,  50.,   8.,  21.],
        [ 12.,  37.,  15.,   2.,  26.,   3.,   2.],
        [ 17.,  16., 163.,  11.,  19.,   5.,   3.],
        [ 20.,   3.,  48.,  96.,  13.,   3.,   7.],
        [ 42.,  20.,  27.,  15., 123.,   7.,   8.],
        [ 25.,  13.,  15.,  11.,  18.,  30.,   8.],
        [101.,  26.,  37.,  24.,  35.,  16.,  67.]])
2021-09-30 10:52:54,835 - trainer - INFO -     class prec     : tensor([0.4882, 0.2681, 0.4880, 0.5333, 0.4331, 0.4167, 0.5776])
2021-09-30 10:52:54,836 - trainer - INFO -     class rec      : tensor([0.5766, 0.3814, 0.6966, 0.5053, 0.5083, 0.2500, 0.2190])
2021-09-30 10:52:54,837 - trainer - INFO -     f1             : tensor([0.5287, 0.3149, 0.5739, 0.5189, 0.4677, 0.3125, 0.3175])
2021-09-30 10:52:54,838 - trainer - INFO -     avg prec       : 0.4578617513179779
2021-09-30 10:52:54,838 - trainer - INFO -     avg rec        : 0.44815829396247864
2021-09-30 10:52:54,838 - trainer - INFO -     avg f1         : 0.4334583282470703
2021-09-30 10:52:56,753 - trainer - INFO - Saving checkpoint: results/slow_r50/0930_011807/models/checkpoint-epoch34.pth ...
2021-09-30 11:09:46,969 - trainer - INFO -     epoch          : 35
2021-09-30 11:09:46,970 - trainer - INFO -     loss           : 1.2093976567086486
2021-09-30 11:09:46,971 - trainer - INFO -     accuracy       : 0.5429237416616131
2021-09-30 11:09:46,972 - trainer - INFO -     top_k_acc      : 0.7435946027895693
2021-09-30 11:09:46,973 - trainer - INFO -     val_loss       : 1.5074346381790784
2021-09-30 11:09:46,973 - trainer - INFO -     val_accuracy   : 0.4655612244897959
2021-09-30 11:09:46,974 - trainer - INFO -     val_top_k_acc  : 0.6730442176870748
2021-09-30 11:09:46,975 - trainer - INFO -     conf mat       : tensor([[176.,  13.,  51.,  32.,  37.,   6.,  44.],
        [ 13.,  29.,  25.,   5.,  21.,   0.,   4.],
        [ 11.,   5., 168.,  23.,  16.,   2.,   9.],
        [ 10.,   2.,  43., 109.,   8.,   1.,  17.],
        [ 32.,   9.,  34.,  14., 127.,   7.,  19.],
        [ 21.,   6.,  26.,  11.,  20.,  23.,  13.],
        [ 69.,  17.,  46.,  33.,  32.,  16.,  93.]])
2021-09-30 11:09:46,976 - trainer - INFO -     class prec     : tensor([0.5301, 0.3580, 0.4275, 0.4802, 0.4866, 0.4182, 0.4673])
2021-09-30 11:09:46,976 - trainer - INFO -     class rec      : tensor([0.4903, 0.2990, 0.7179, 0.5737, 0.5248, 0.1917, 0.3039])
2021-09-30 11:09:46,977 - trainer - INFO -     f1             : tensor([0.5094, 0.3258, 0.5359, 0.5228, 0.5050, 0.2629, 0.3683])
2021-09-30 11:09:46,977 - trainer - INFO -     avg prec       : 0.4525587260723114
2021-09-30 11:09:46,978 - trainer - INFO -     avg rec        : 0.44303348660469055
2021-09-30 11:09:46,978 - trainer - INFO -     avg f1         : 0.43286582827568054
2021-09-30 11:09:48,899 - trainer - INFO - Saving checkpoint: results/slow_r50/0930_011807/models/checkpoint-epoch35.pth ...
2021-09-30 11:26:40,045 - trainer - INFO -     epoch          : 36
2021-09-30 11:26:40,046 - trainer - INFO -     loss           : 1.2164842194503116
2021-09-30 11:26:40,047 - trainer - INFO -     accuracy       : 0.5353054881746513
2021-09-30 11:26:40,048 - trainer - INFO -     top_k_acc      : 0.7472331716191631
2021-09-30 11:26:40,049 - trainer - INFO -     val_loss       : 1.4847902351496172
2021-09-30 11:26:40,049 - trainer - INFO -     val_accuracy   : 0.4787414965986394
2021-09-30 11:26:40,050 - trainer - INFO -     val_top_k_acc  : 0.6758078231292517
2021-09-30 11:26:40,051 - trainer - INFO -     conf mat       : tensor([[131.,  21.,  41.,  20.,  45.,  23.,  78.],
        [  4.,  34.,  24.,   4.,  22.,   1.,   8.],
        [  9.,  10., 171.,  15.,  12.,   4.,  13.],
        [  7.,   5.,  42., 100.,  11.,   4.,  21.],
        [ 15.,  15.,  26.,  11., 137.,  12.,  26.],
        [  9.,   6.,  22.,   4.,  22.,  36.,  21.],
        [ 25.,  21.,  46.,  18.,  36.,  25., 135.]])
2021-09-30 11:26:40,052 - trainer - INFO -     class prec     : tensor([0.6550, 0.3036, 0.4597, 0.5814, 0.4807, 0.3429, 0.4470])
2021-09-30 11:26:40,053 - trainer - INFO -     class rec      : tensor([0.3649, 0.3505, 0.7308, 0.5263, 0.5661, 0.3000, 0.4412])
2021-09-30 11:26:40,053 - trainer - INFO -     f1             : tensor([0.4687, 0.3254, 0.5644, 0.5525, 0.5199, 0.3200, 0.4441])
2021-09-30 11:26:40,054 - trainer - INFO -     avg prec       : 0.4671747088432312
2021-09-30 11:26:40,055 - trainer - INFO -     avg rec        : 0.4685421586036682
2021-09-30 11:26:40,055 - trainer - INFO -     avg f1         : 0.45641404390335083
2021-09-30 11:26:41,968 - trainer - INFO - Saving checkpoint: results/slow_r50/0930_011807/models/checkpoint-epoch36.pth ...
2021-09-30 11:43:34,031 - trainer - INFO -     epoch          : 37
2021-09-30 11:43:34,031 - trainer - INFO -     loss           : 1.197670853936795
2021-09-30 11:43:34,032 - trainer - INFO -     accuracy       : 0.5426963311097635
2021-09-30 11:43:34,033 - trainer - INFO -     top_k_acc      : 0.7547282443905396
2021-09-30 11:43:34,034 - trainer - INFO -     val_loss       : 1.5125949772036806
2021-09-30 11:43:34,034 - trainer - INFO -     val_accuracy   : 0.45663265306122447
2021-09-30 11:43:34,035 - trainer - INFO -     val_top_k_acc  : 0.6566751700680272
2021-09-30 11:43:34,036 - trainer - INFO -     conf mat       : tensor([[136.,  24.,  34.,  14.,  41.,  26.,  84.],
        [  7.,  37.,  23.,   1.,  21.,   1.,   7.],
        [  8.,  15., 162.,   4.,  21.,   5.,  19.],
        [  8.,   4.,  55.,  70.,  25.,   3.,  25.],
        [ 24.,  16.,  16.,   6., 138.,  15.,  27.],
        [ 15.,  10.,  16.,   3.,  21.,  35.,  20.],
        [ 44.,  20.,  39.,   8.,  42.,  25., 128.]])
2021-09-30 11:43:34,037 - trainer - INFO -     class prec     : tensor([0.5620, 0.2937, 0.4696, 0.6604, 0.4466, 0.3182, 0.4129])
2021-09-30 11:43:34,038 - trainer - INFO -     class rec      : tensor([0.3788, 0.3814, 0.6923, 0.3684, 0.5702, 0.2917, 0.4183])
2021-09-30 11:43:34,039 - trainer - INFO -     f1             : tensor([0.4526, 0.3318, 0.5596, 0.4730, 0.5009, 0.3043, 0.4156])
2021-09-30 11:43:34,040 - trainer - INFO -     avg prec       : 0.4518948197364807
2021-09-30 11:43:34,041 - trainer - INFO -     avg rec        : 0.44303107261657715
2021-09-30 11:43:34,041 - trainer - INFO -     avg f1         : 0.43397364020347595
2021-09-30 11:43:35,953 - trainer - INFO - Saving checkpoint: results/slow_r50/0930_011807/models/checkpoint-epoch37.pth ...
2021-09-30 12:00:27,722 - trainer - INFO -     epoch          : 38
2021-09-30 12:00:27,722 - trainer - INFO -     loss           : 1.1950660489269138
2021-09-30 12:00:27,724 - trainer - INFO -     accuracy       : 0.5540100060642814
2021-09-30 12:00:27,725 - trainer - INFO -     top_k_acc      : 0.7510612492419649
2021-09-30 12:00:27,725 - trainer - INFO -     val_loss       : 1.498361817428044
2021-09-30 12:00:27,726 - trainer - INFO -     val_accuracy   : 0.4649234693877551
2021-09-30 12:00:27,726 - trainer - INFO -     val_top_k_acc  : 0.6870748299319728
2021-09-30 12:00:27,728 - trainer - INFO -     conf mat       : tensor([[171.,  16.,  37.,  28.,  37.,  14.,  56.],
        [ 13.,  25.,  24.,   2.,  27.,   1.,   5.],
        [ 11.,   9., 159.,  12.,  25.,   5.,  13.],
        [ 14.,   1.,  49.,  97.,  12.,   4.,  13.],
        [ 33.,  11.,  22.,  11., 131.,  10.,  24.],
        [ 22.,   8.,  14.,   5.,  19.,  32.,  20.],
        [ 69.,  12.,  37.,  26.,  33.,  20., 109.]])
2021-09-30 12:00:27,729 - trainer - INFO -     class prec     : tensor([0.5135, 0.3049, 0.4649, 0.5359, 0.4613, 0.3721, 0.4542])
2021-09-30 12:00:27,730 - trainer - INFO -     class rec      : tensor([0.4763, 0.2577, 0.6795, 0.5105, 0.5413, 0.2667, 0.3562])
2021-09-30 12:00:27,730 - trainer - INFO -     f1             : tensor([0.4942, 0.2793, 0.5521, 0.5229, 0.4981, 0.3107, 0.3993])
2021-09-30 12:00:27,731 - trainer - INFO -     avg prec       : 0.44382041692733765
2021-09-30 12:00:27,731 - trainer - INFO -     avg rec        : 0.4411809742450714
2021-09-30 12:00:27,732 - trainer - INFO -     avg f1         : 0.4366556704044342
2021-09-30 12:00:29,643 - trainer - INFO - Saving checkpoint: results/slow_r50/0930_011807/models/checkpoint-epoch38.pth ...
2021-09-30 12:17:22,158 - trainer - INFO -     epoch          : 39
2021-09-30 12:17:22,159 - trainer - INFO -     loss           : 1.1914072663513655
2021-09-30 12:17:22,160 - trainer - INFO -     accuracy       : 0.5526265918738629
2021-09-30 12:17:22,161 - trainer - INFO -     top_k_acc      : 0.7492324893875075
2021-09-30 12:17:22,162 - trainer - INFO -     val_loss       : 1.459613330510198
2021-09-30 12:17:22,162 - trainer - INFO -     val_accuracy   : 0.4798044217687075
2021-09-30 12:17:22,163 - trainer - INFO -     val_top_k_acc  : 0.6913265306122449
2021-09-30 12:17:22,164 - trainer - INFO -     conf mat       : tensor([[199.,  17.,  29.,  19.,  26.,   6.,  63.],
        [ 14.,  31.,  24.,   1.,  19.,   1.,   7.],
        [ 13.,  13., 168.,   9.,  12.,   2.,  17.],
        [ 21.,   3.,  53.,  80.,  10.,   2.,  21.],
        [ 42.,  14.,  24.,  10., 117.,   9.,  26.],
        [ 28.,   8.,  12.,   4.,  17.,  26.,  25.],
        [ 82.,  17.,  35.,  12.,  22.,  15., 123.]])
2021-09-30 12:17:22,166 - trainer - INFO -     class prec     : tensor([0.4987, 0.3010, 0.4870, 0.5926, 0.5247, 0.4262, 0.4362])
2021-09-30 12:17:22,167 - trainer - INFO -     class rec      : tensor([0.5543, 0.3196, 0.7179, 0.4211, 0.4835, 0.2167, 0.4020])
2021-09-30 12:17:22,167 - trainer - INFO -     f1             : tensor([0.5251, 0.3100, 0.5803, 0.4923, 0.5032, 0.2873, 0.4184])
2021-09-30 12:17:22,168 - trainer - INFO -     avg prec       : 0.4666185975074768
2021-09-30 12:17:22,168 - trainer - INFO -     avg rec        : 0.4450007379055023
2021-09-30 12:17:22,169 - trainer - INFO -     avg f1         : 0.4452243447303772
2021-09-30 12:17:24,084 - trainer - INFO - Saving checkpoint: results/slow_r50/0930_011807/models/checkpoint-epoch39.pth ...
2021-09-30 12:34:13,182 - trainer - INFO -     epoch          : 40
2021-09-30 12:34:13,183 - trainer - INFO -     loss           : 1.18187852219208
2021-09-30 12:34:13,185 - trainer - INFO -     accuracy       : 0.5534509551243177
2021-09-30 12:34:13,185 - trainer - INFO -     top_k_acc      : 0.7524730897513644
2021-09-30 12:34:13,186 - trainer - INFO -     val_loss       : 1.5003917655166314
2021-09-30 12:34:13,186 - trainer - INFO -     val_accuracy   : 0.4685374149659864
2021-09-30 12:34:13,186 - trainer - INFO -     val_top_k_acc  : 0.6887755102040817
2021-09-30 12:34:13,188 - trainer - INFO -     conf mat       : tensor([[201.,  19.,  35.,  41.,  21.,   4.,  38.],
        [ 17.,  31.,  18.,   8.,  18.,   1.,   4.],
        [ 14.,  12., 162.,  25.,   9.,   3.,   9.],
        [ 18.,   3.,  41., 115.,   6.,   2.,   5.],
        [ 49.,  13.,  24.,  21., 108.,   6.,  21.],
        [ 25.,   8.,  19.,  17.,   9.,  27.,  15.],
        [ 93.,  18.,  41.,  41.,  21.,  13.,  79.]])
2021-09-30 12:34:13,188 - trainer - INFO -     class prec     : tensor([0.4820, 0.2981, 0.4765, 0.4291, 0.5625, 0.4821, 0.4620])
2021-09-30 12:34:13,189 - trainer - INFO -     class rec      : tensor([0.5599, 0.3196, 0.6923, 0.6053, 0.4463, 0.2250, 0.2582])
2021-09-30 12:34:13,190 - trainer - INFO -     f1             : tensor([0.5180, 0.3085, 0.5645, 0.5022, 0.4977, 0.3068, 0.3312])
2021-09-30 12:34:13,190 - trainer - INFO -     avg prec       : 0.45604249835014343
2021-09-30 12:34:13,191 - trainer - INFO -     avg rec        : 0.4437853991985321
2021-09-30 12:34:13,191 - trainer - INFO -     avg f1         : 0.4326990246772766
2021-09-30 12:34:15,117 - trainer - INFO - Saving checkpoint: results/slow_r50/0930_011807/models/checkpoint-epoch40.pth ...
2021-09-30 12:51:08,561 - trainer - INFO -     epoch          : 41
2021-09-30 12:51:08,562 - trainer - INFO -     loss           : 1.1851435349774115
2021-09-30 12:51:08,563 - trainer - INFO -     accuracy       : 0.5486184808975136
2021-09-30 12:51:08,563 - trainer - INFO -     top_k_acc      : 0.7520277440873258
2021-09-30 12:51:08,564 - trainer - INFO -     val_loss       : 1.4669675437771543
2021-09-30 12:51:08,564 - trainer - INFO -     val_accuracy   : 0.4700255102040816
2021-09-30 12:51:08,565 - trainer - INFO -     val_top_k_acc  : 0.678358843537415
2021-09-30 12:51:08,566 - trainer - INFO -     conf mat       : tensor([[190.,  18.,  24.,  17.,  33.,  13.,  64.],
        [ 15.,  28.,  19.,   5.,  22.,   2.,   6.],
        [ 12.,  15., 154.,  11.,  17.,   4.,  21.],
        [ 24.,   3.,  36.,  91.,  10.,   4.,  22.],
        [ 40.,  14.,  20.,  12., 118.,  15.,  23.],
        [ 21.,  12.,  11.,   5.,   9.,  36.,  26.],
        [ 80.,  20.,  30.,  12.,  24.,  30., 110.]])
2021-09-30 12:51:08,567 - trainer - INFO -     class prec     : tensor([0.4974, 0.2545, 0.5238, 0.5948, 0.5064, 0.3462, 0.4044])
2021-09-30 12:51:08,568 - trainer - INFO -     class rec      : tensor([0.5292, 0.2887, 0.6581, 0.4789, 0.4876, 0.3000, 0.3595])
2021-09-30 12:51:08,569 - trainer - INFO -     f1             : tensor([0.5128, 0.2705, 0.5833, 0.5306, 0.4968, 0.3214, 0.3806])
2021-09-30 12:51:08,570 - trainer - INFO -     avg prec       : 0.44678741693496704
2021-09-30 12:51:08,570 - trainer - INFO -     avg rec        : 0.44315072894096375
2021-09-30 12:51:08,571 - trainer - INFO -     avg f1         : 0.44231298565864563
2021-09-30 12:51:10,532 - trainer - INFO - Saving checkpoint: results/slow_r50/0930_011807/models/checkpoint-epoch41.pth ...
